Log file open, 01/30/22 21:17:32
LogWindows: Failed to load 'aqProf.dll' (GetLastError=126)
LogWindows: File 'aqProf.dll' does not exist
LogWindows: Failed to load 'VtuneApi.dll' (GetLastError=126)
LogWindows: File 'VtuneApi.dll' does not exist
LogWindows: Failed to load 'VtuneApi32e.dll' (GetLastError=126)
LogWindows: File 'VtuneApi32e.dll' does not exist
LogConsoleResponse: Display: Failed to find resolution value strings in scalability ini. Falling back to default.
LogConsoleResponse: Display: Failed to find resolution value strings in scalability ini. Falling back to default.
LogInit: Display: Running engine for game: PZ_4
LogPlatformFile: Not using cached read wrapper
LogTaskGraph: Started task graph with 5 named threads and 47 total threads with 3 sets of task threads.
LogStats: Stats thread started at 0.172110
LogICUInternationalization: ICU TimeZone Detection - Raw Offset: +2:00, Platform Override: ''
LogInit: Display: Loading text-based GConfig....
LogPluginManager: Mounting plugin MeshPainting
LogPluginManager: Mounting plugin XGEController
LogPluginManager: Mounting plugin Paper2D
LogPluginManager: Mounting plugin LiveLink
LogPluginManager: Mounting plugin EnvironmentQueryEditor
LogPluginManager: Mounting plugin AISupport
LogPluginManager: Mounting plugin CameraShakePreviewer
LogPluginManager: Mounting plugin LightPropagationVolume
LogPluginManager: Mounting plugin OodleData
LogPluginManager: Mounting plugin OodleNetwork
LogPluginManager: Mounting plugin CodeLiteSourceCodeAccess
LogPluginManager: Mounting plugin AnimationSharing
LogPluginManager: Mounting plugin GameplayCameras
LogPluginManager: Mounting plugin CLionSourceCodeAccess
LogPluginManager: Mounting plugin KDevelopSourceCodeAccess
LogPluginManager: Mounting plugin NullSourceCodeAccess
LogPluginManager: Mounting plugin PerforceSourceControl
LogPluginManager: Mounting plugin PropertyAccessNode
LogPluginManager: Mounting plugin PluginUtils
LogPluginManager: Mounting plugin GitSourceControl
LogPluginManager: Mounting plugin PlasticSourceControl
LogPluginManager: Mounting plugin SubversionSourceControl
LogPluginManager: Mounting plugin TextureFormatOodle
LogPluginManager: Mounting plugin PixWinPlugin
LogPluginManager: Mounting plugin UObjectPlugin
LogPluginManager: Mounting plugin AssetManagerEditor
LogPluginManager: Mounting plugin VisualStudioCodeSourceCodeAccess
LogPluginManager: Mounting plugin VisualStudioSourceCodeAccess
LogPluginManager: Mounting plugin XCodeSourceCodeAccess
LogPluginManager: Mounting plugin RiderSourceCodeAccess
LogPluginManager: Mounting plugin CryptoKeys
LogPluginManager: Mounting plugin CurveEditorTools
LogPluginManager: Mounting plugin FacialAnimation
LogPluginManager: Mounting plugin GameplayTagsEditor
LogPluginManager: Mounting plugin GeometryMode
LogPluginManager: Mounting plugin MacGraphicsSwitching
LogPluginManager: Mounting plugin MaterialAnalyzer
LogPluginManager: Mounting plugin PluginBrowser
LogPluginManager: Mounting plugin SpeedTreeImporter
LogPluginManager: Mounting plugin DataValidation
LogPluginManager: Mounting plugin MobileLauncherProfileWizard
LogPluginManager: Mounting plugin DatasmithContent
LogPluginManager: Mounting plugin VariantManagerContent
LogPluginManager: Mounting plugin Niagara
LogPluginManager: Mounting plugin LuminPlatformFeatures
LogPluginManager: Mounting plugin MagicLeap
LogPluginManager: Mounting plugin MagicLeapLightEstimation
LogPluginManager: Mounting plugin MagicLeapMedia
LogPluginManager: Mounting plugin MagicLeapPassableWorld
LogPluginManager: Mounting plugin MLSDK
LogPluginManager: Mounting plugin AndroidMedia
LogPluginManager: Mounting plugin AvfMedia
LogPluginManager: Mounting plugin AutomationUtils
LogPluginManager: Mounting plugin AlembicImporter
LogPluginManager: Mounting plugin BackChannel
LogPluginManager: Mounting plugin ChaosEditor
LogPluginManager: Mounting plugin ChaosCloth
LogPluginManager: Mounting plugin ImgMedia
LogPluginManager: Mounting plugin ChaosNiagara
LogPluginManager: Mounting plugin ChaosSolverPlugin
LogPluginManager: Mounting plugin ChaosClothEditor
LogPluginManager: Mounting plugin CharacterAI
LogPluginManager: Mounting plugin MediaCompositing
LogPluginManager: Mounting plugin MediaPlayerEditor
LogPluginManager: Mounting plugin TcpMessaging
LogPluginManager: Mounting plugin UdpMessaging
LogPluginManager: Mounting plugin GeometryCache
LogPluginManager: Mounting plugin GeometryCollectionPlugin
LogPluginManager: Mounting plugin WebMMedia
LogPluginManager: Mounting plugin WmfMedia
LogPluginManager: Mounting plugin GeometryProcessing
LogPluginManager: Mounting plugin OpenImageDenoise
LogPluginManager: Mounting plugin MotoSynth
LogPluginManager: Mounting plugin ProxyLODPlugin
LogPluginManager: Mounting plugin PlanarCut
LogPluginManager: Mounting plugin PlatformCrypto
LogPluginManager: Mounting plugin PythonScriptPlugin
LogPluginManager: Mounting plugin SkeletalReduction
LogPluginManager: Mounting plugin OnlineSubsystem
LogPluginManager: Mounting plugin OnlineSubsystemNull
LogPluginManager: Mounting plugin OnlineSubsystemUtils
LogPluginManager: Mounting plugin ActorLayerUtilities
LogPluginManager: Mounting plugin AndroidDeviceProfileSelector
LogPluginManager: Mounting plugin AndroidPermission
LogPluginManager: Mounting plugin AndroidMoviePlayer
LogPluginManager: Mounting plugin AppleMoviePlayer
LogPluginManager: Mounting plugin AppleImageUtils
LogPluginManager: Mounting plugin AssetTags
LogPluginManager: Mounting plugin ArchVisCharacter
LogPluginManager: Mounting plugin AudioSynesthesia
LogPluginManager: Mounting plugin AudioCapture
LogPluginManager: Mounting plugin ChunkDownloader
LogPluginManager: Mounting plugin CableComponent
LogPluginManager: Mounting plugin CustomMeshComponent
LogPluginManager: Mounting plugin ExampleDeviceProfileSelector
LogPluginManager: Mounting plugin EditableMesh
LogPluginManager: Mounting plugin GoogleCloudMessaging
LogPluginManager: Mounting plugin GooglePAD
LogPluginManager: Mounting plugin LauncherChunkInstaller
LogPluginManager: Mounting plugin ScreenshotTools
LogPluginManager: Mounting plugin IOSDeviceProfileSelector
LogPluginManager: Mounting plugin LinuxDeviceProfileSelector
LogPluginManager: Mounting plugin LocationServicesBPLibrary
LogPluginManager: Mounting plugin MobilePatchingUtils
LogPluginManager: Mounting plugin OpenXR
LogPluginManager: Mounting plugin OpenXREyeTracker
LogPluginManager: Mounting plugin OpenXRHandTracking
LogPluginManager: Mounting plugin PhysXVehicles
LogPluginManager: Mounting plugin PostSplashScreen
LogPluginManager: Mounting plugin ProceduralMeshComponent
LogPluginManager: Mounting plugin PropertyAccessEditor
LogPluginManager: Mounting plugin RuntimePhysXCooking
LogPluginManager: Mounting plugin SignificanceManager
LogPluginManager: Mounting plugin SoundFields
LogPluginManager: Mounting plugin Synthesis
LogPluginManager: Mounting plugin WebMMoviePlayer
LogPluginManager: Mounting plugin WindowsMoviePlayer
LogPluginManager: Mounting plugin ActorSequence
LogPluginManager: Mounting plugin Takes
LogPluginManager: Mounting plugin LevelSequenceEditor
LogPluginManager: Mounting plugin MatineeToLevelSequence
LogPluginManager: Mounting plugin TemplateSequence
LogPluginManager: Mounting plugin ContentBrowserClassDataSource
LogPluginManager: Mounting plugin ContentBrowserFileDataSource
LogPluginManager: Mounting plugin ContentBrowserAssetDataSource
LogPluginManager: Mounting plugin OnlineSubsystemGooglePlay
LogPluginManager: Mounting plugin OnlineSubsystemIOS
LogPluginManager: Mounting plugin OculusVR
LogPluginManager: Mounting plugin SteamVR
PixWinPlugin: PIX capture plugin failed to initialize! Check that the process is launched from PIX.
LogInit: Using libcurl 7.55.1-DEV
LogInit:  - built for x86_64-pc-win32
LogInit:  - supports SSL with OpenSSL/1.1.1
LogInit:  - supports HTTP deflate (compression) using libz 1.2.8
LogInit:  - other features:
LogInit:      CURL_VERSION_SSL
LogInit:      CURL_VERSION_LIBZ
LogInit:      CURL_VERSION_IPV6
LogInit:      CURL_VERSION_ASYNCHDNS
LogInit:      CURL_VERSION_LARGEFILE
LogInit:      CURL_VERSION_IDN
LogInit:  CurlRequestOptions (configurable via config and command line):
LogInit:  - bVerifyPeer = true  - Libcurl will verify peer certificate
LogInit:  - bUseHttpProxy = false  - Libcurl will NOT use HTTP proxy
LogInit:  - bDontReuseConnections = false  - Libcurl will reuse connections
LogInit:  - MaxHostConnections = 16  - Libcurl will limit the number of connections to a host
LogInit:  - LocalHostAddr = Default
LogInit:  - BufferSize = 65536
LogOnline: OSS: Creating online subsystem instance for: NULL
LogInit: WinSock: version 1.1 (2.2), MaxSocks=32767, MaxUdp=65467
LogOnline: OSS: TryLoadSubsystemAndSetDefault: Loaded subsystem for module [NULL]
LogOculusPluginWrapper: OculusPlugin initialized successfully
LogHMD: Failed initializing OVRPlugin 1.59.0
LogInit: Build: ++UE4+Release-4.27-CL-18319896
LogInit: Engine Version: 4.27.2-18319896+++UE4+Release-4.27
LogInit: Compatible Engine Version: 4.27.0-17155196+++UE4+Release-4.27
LogInit: Net CL: 17155196
LogInit: OS: Windows 10 (Release 2009) (), CPU: Intel(R) Core(TM) i7-10700 CPU @ 2.90GHz, GPU: NVIDIA GeForce RTX 3070
LogInit: Compiled (64-bit): Nov 30 2021 07:12:08
LogInit: Compiled with Visual C++: 19.24.28315.00
LogInit: Build Configuration: Development
LogInit: Branch Name: ++UE4+Release-4.27
LogInit: Command Line: 
LogInit: Base Directory: C:/Program Files/Epic Games/UE_4.27/Engine/Binaries/Win64/
LogInit: Allocator: TBB
LogInit: Installed Engine Build: 1
LogDevObjectVersion: Number of dev versions registered: 29
LogDevObjectVersion:   Dev-Blueprints (B0D832E4-1F89-4F0D-ACCF-7EB736FD4AA2): 10
LogDevObjectVersion:   Dev-Build (E1C64328-A22C-4D53-A36C-8E866417BD8C): 0
LogDevObjectVersion:   Dev-Core (375EC13C-06E4-48FB-B500-84F0262A717E): 4
LogDevObjectVersion:   Dev-Editor (E4B068ED-F494-42E9-A231-DA0B2E46BB41): 40
LogDevObjectVersion:   Dev-Framework (CFFC743F-43B0-4480-9391-14DF171D2073): 37
LogDevObjectVersion:   Dev-Mobile (B02B49B5-BB20-44E9-A304-32B752E40360): 3
LogDevObjectVersion:   Dev-Networking (A4E4105C-59A1-49B5-A7C5-40C4547EDFEE): 0
LogDevObjectVersion:   Dev-Online (39C831C9-5AE6-47DC-9A44-9C173E1C8E7C): 0
LogDevObjectVersion:   Dev-Physics (78F01B33-EBEA-4F98-B9B4-84EACCB95AA2): 14
LogDevObjectVersion:   Dev-Platform (6631380F-2D4D-43E0-8009-CF276956A95A): 0
LogDevObjectVersion:   Dev-Rendering (12F88B9F-8875-4AFC-A67C-D90C383ABD29): 45
LogDevObjectVersion:   Dev-Sequencer (7B5AE74C-D270-4C10-A958-57980B212A5A): 13
LogDevObjectVersion:   Dev-VR (D7296918-1DD6-4BDD-9DE2-64A83CC13884): 3
LogDevObjectVersion:   Dev-LoadTimes (C2A15278-BFE7-4AFE-6C17-90FF531DF755): 1
LogDevObjectVersion:   Private-Geometry (6EACA3D4-40EC-4CC1-B786-8BED09428FC5): 3
LogDevObjectVersion:   Dev-AnimPhys (29E575DD-E0A3-4627-9D10-D276232CDCEA): 17
LogDevObjectVersion:   Dev-Anim (AF43A65D-7FD3-4947-9873-3E8ED9C1BB05): 15
LogDevObjectVersion:   Dev-ReflectionCapture (6B266CEC-1EC7-4B8F-A30B-E4D90942FC07): 1
LogDevObjectVersion:   Dev-Automation (0DF73D61-A23F-47EA-B727-89E90C41499A): 1
LogDevObjectVersion:   FortniteMain (601D1886-AC64-4F84-AA16-D3DE0DEAC7D6): 47
LogDevObjectVersion:   FortniteRelease (E7086368-6B23-4C58-8439-1B7016265E91): 1
LogDevObjectVersion:   Dev-Enterprise (9DFFBCD6-494F-0158-E221-12823C92A888): 10
LogDevObjectVersion:   Dev-Niagara (F2AED0AC-9AFE-416F-8664-AA7FFA26D6FC): 1
LogDevObjectVersion:   Dev-Destruction (174F1F0B-B4C6-45A5-B13F-2EE8D0FB917D): 10
LogDevObjectVersion:   Dev-Physics-Ext (35F94A83-E258-406C-A318-09F59610247C): 41
LogDevObjectVersion:   Dev-PhysicsMaterial-Chaos (B68FC16E-8B1B-42E2-B453-215C058844FE): 1
LogDevObjectVersion:   Dev-CineCamera (B2E18506-4273-CFC2-A54E-F4BB758BBA07): 1
LogDevObjectVersion:   Dev-VirtualProduction (64F58936-FD1B-42BA-BA96-7289D5D0FA4E): 1
LogDevObjectVersion:   Dev-MediaFramework (6F0ED827-A609-4895-9C91-998D90180EA4): 2
LogInit: Presizing for max 25165824 objects, including 0 objects not considered by GC, pre-allocating 0 bytes for permanent pool.
LogConfig: Applying CVar settings from Section [/Script/Engine.StreamingSettings] File [E:/MY_PROJECTS/Games Education/Middle/HW_4/PZ4/PZ_4/Saved/Config/Windows/Engine.ini]
LogConfig: Setting CVar [[s.MinBulkDataSizeForAsyncLoading:131072]]
LogConfig: Setting CVar [[s.AsyncLoadingThreadEnabled:0]]
LogConfig: Setting CVar [[s.EventDrivenLoaderEnabled:1]]
LogConfig: Setting CVar [[s.WarnIfTimeLimitExceeded:0]]
LogConfig: Setting CVar [[s.TimeLimitExceededMultiplier:1.5]]
LogConfig: Setting CVar [[s.TimeLimitExceededMinTime:0.005]]
LogConfig: Setting CVar [[s.UseBackgroundLevelStreaming:1]]
LogConfig: Setting CVar [[s.PriorityAsyncLoadingExtraTime:15.0]]
LogConfig: Setting CVar [[s.LevelStreamingActorsUpdateTimeLimit:5.0]]
LogConfig: Setting CVar [[s.PriorityLevelStreamingActorsUpdateExtraTime:5.0]]
LogConfig: Setting CVar [[s.LevelStreamingComponentsRegistrationGranularity:10]]
LogConfig: Setting CVar [[s.UnregisterComponentsTimeLimit:1.0]]
LogConfig: Setting CVar [[s.LevelStreamingComponentsUnregistrationGranularity:5]]
LogConfig: Setting CVar [[s.FlushStreamingOnExit:1]]
LogInit: Object subsystem initialized
LogConfig: Setting CVar [[con.DebugEarlyDefault:1]]
LogConfig: Setting CVar [[r.setres:1280x720]]
[2022.01.30-19.17.33:308][  0]LogConfig: Setting CVar [[r.VSync:0]]
[2022.01.30-19.17.33:308][  0]LogConfig: Setting CVar [[r.RHICmdBypass:0]]
[2022.01.30-19.17.33:308][  0]LogConfig: Applying CVar settings from Section [/Script/Engine.RendererSettings] File [E:/MY_PROJECTS/Games Education/Middle/HW_4/PZ4/PZ_4/Saved/Config/Windows/Engine.ini]
[2022.01.30-19.17.33:308][  0]LogConfig: Setting CVar [[r.GPUCrashDebugging:0]]
[2022.01.30-19.17.33:308][  0]LogConfig: Applying CVar settings from Section [/Script/Engine.RendererOverrideSettings] File [E:/MY_PROJECTS/Games Education/Middle/HW_4/PZ4/PZ_4/Saved/Config/Windows/Engine.ini]
[2022.01.30-19.17.33:308][  0]LogConfig: Applying CVar settings from Section [/Script/Engine.StreamingSettings] File [E:/MY_PROJECTS/Games Education/Middle/HW_4/PZ4/PZ_4/Saved/Config/Windows/Engine.ini]
[2022.01.30-19.17.33:308][  0]LogConfig: Setting CVar [[s.MinBulkDataSizeForAsyncLoading:131072]]
[2022.01.30-19.17.33:308][  0]LogConfig: Setting CVar [[s.AsyncLoadingThreadEnabled:0]]
[2022.01.30-19.17.33:308][  0]LogConfig: Setting CVar [[s.EventDrivenLoaderEnabled:1]]
[2022.01.30-19.17.33:308][  0]LogConfig: Setting CVar [[s.WarnIfTimeLimitExceeded:0]]
[2022.01.30-19.17.33:308][  0]LogConfig: Setting CVar [[s.TimeLimitExceededMultiplier:1.5]]
[2022.01.30-19.17.33:308][  0]LogConfig: Setting CVar [[s.TimeLimitExceededMinTime:0.005]]
[2022.01.30-19.17.33:308][  0]LogConfig: Setting CVar [[s.UseBackgroundLevelStreaming:1]]
[2022.01.30-19.17.33:308][  0]LogConfig: Setting CVar [[s.PriorityAsyncLoadingExtraTime:15.0]]
[2022.01.30-19.17.33:308][  0]LogConfig: Setting CVar [[s.LevelStreamingActorsUpdateTimeLimit:5.0]]
[2022.01.30-19.17.33:308][  0]LogConfig: Setting CVar [[s.PriorityLevelStreamingActorsUpdateExtraTime:5.0]]
[2022.01.30-19.17.33:308][  0]LogConfig: Setting CVar [[s.LevelStreamingComponentsRegistrationGranularity:10]]
[2022.01.30-19.17.33:308][  0]LogConfig: Setting CVar [[s.UnregisterComponentsTimeLimit:1.0]]
[2022.01.30-19.17.33:308][  0]LogConfig: Setting CVar [[s.LevelStreamingComponentsUnregistrationGranularity:5]]
[2022.01.30-19.17.33:308][  0]LogConfig: Setting CVar [[s.FlushStreamingOnExit:1]]
[2022.01.30-19.17.33:308][  0]LogConfig: Applying CVar settings from Section [/Script/Engine.GarbageCollectionSettings] File [E:/MY_PROJECTS/Games Education/Middle/HW_4/PZ4/PZ_4/Saved/Config/Windows/Engine.ini]
[2022.01.30-19.17.33:308][  0]LogConfig: Setting CVar [[gc.MaxObjectsNotConsideredByGC:1]]
[2022.01.30-19.17.33:308][  0]LogConfig: Setting CVar [[gc.SizeOfPermanentObjectPool:0]]
[2022.01.30-19.17.33:308][  0]LogConfig: Setting CVar [[gc.FlushStreamingOnGC:0]]
[2022.01.30-19.17.33:308][  0]LogConfig: Setting CVar [[gc.NumRetriesBeforeForcingGC:10]]
[2022.01.30-19.17.33:308][  0]LogConfig: Setting CVar [[gc.AllowParallelGC:1]]
[2022.01.30-19.17.33:308][  0]LogConfig: Setting CVar [[gc.TimeBetweenPurgingPendingKillObjects:61.1]]
[2022.01.30-19.17.33:308][  0]LogConfig: Setting CVar [[gc.MaxObjectsInEditor:25165824]]
[2022.01.30-19.17.33:308][  0]LogConfig: Setting CVar [[gc.IncrementalBeginDestroyEnabled:1]]
[2022.01.30-19.17.33:308][  0]LogConfig: Setting CVar [[gc.CreateGCClusters:1]]
[2022.01.30-19.17.33:308][  0]LogConfig: Setting CVar [[gc.MinGCClusterSize:5]]
[2022.01.30-19.17.33:308][  0]LogConfig: Setting CVar [[gc.ActorClusteringEnabled:0]]
[2022.01.30-19.17.33:308][  0]LogConfig: Setting CVar [[gc.BlueprintClusteringEnabled:0]]
[2022.01.30-19.17.33:308][  0]LogConfig: Setting CVar [[gc.UseDisregardForGCOnDedicatedServers:0]]
[2022.01.30-19.17.33:308][  0]LogConfig: Setting CVar [[gc.MultithreadedDestructionEnabled:1]]
[2022.01.30-19.17.33:308][  0]LogConfig: Applying CVar settings from Section [/Script/Engine.NetworkSettings] File [E:/MY_PROJECTS/Games Education/Middle/HW_4/PZ4/PZ_4/Saved/Config/Windows/Engine.ini]
[2022.01.30-19.17.33:308][  0]LogConfig: Applying CVar settings from Section [/Script/UnrealEd.CookerSettings] File [E:/MY_PROJECTS/Games Education/Middle/HW_4/PZ4/PZ_4/Saved/Config/Windows/Engine.ini]
[2022.01.30-19.17.33:319][  0]LogConfig: Applying CVar settings from Section [ViewDistanceQuality@3] File [E:/MY_PROJECTS/Games Education/Middle/HW_4/PZ4/PZ_4/Saved/Config/Windows/Scalability.ini]
[2022.01.30-19.17.33:319][  0]LogConfig: Setting CVar [[r.SkeletalMeshLODBias:0]]
[2022.01.30-19.17.33:319][  0]LogConfig: Setting CVar [[r.ViewDistanceScale:1.0]]
[2022.01.30-19.17.33:319][  0]LogConfig: Applying CVar settings from Section [AntiAliasingQuality@3] File [E:/MY_PROJECTS/Games Education/Middle/HW_4/PZ4/PZ_4/Saved/Config/Windows/Scalability.ini]
[2022.01.30-19.17.33:319][  0]LogConfig: Setting CVar [[r.PostProcessAAQuality:4]]
[2022.01.30-19.17.33:319][  0]LogConfig: Applying CVar settings from Section [ShadowQuality@3] File [E:/MY_PROJECTS/Games Education/Middle/HW_4/PZ4/PZ_4/Saved/Config/Windows/Scalability.ini]
[2022.01.30-19.17.33:319][  0]LogConfig: Setting CVar [[r.LightFunctionQuality:1]]
[2022.01.30-19.17.33:319][  0]LogConfig: Setting CVar [[r.ShadowQuality:5]]
[2022.01.30-19.17.33:319][  0]LogConfig: Setting CVar [[r.Shadow.CSM.MaxCascades:10]]
[2022.01.30-19.17.33:319][  0]LogConfig: Setting CVar [[r.Shadow.MaxResolution:2048]]
[2022.01.30-19.17.33:319][  0]LogConfig: Setting CVar [[r.Shadow.MaxCSMResolution:2048]]
[2022.01.30-19.17.33:319][  0]LogConfig: Setting CVar [[r.Shadow.RadiusThreshold:0.01]]
[2022.01.30-19.17.33:319][  0]LogConfig: Setting CVar [[r.Shadow.DistanceScale:1.0]]
[2022.01.30-19.17.33:319][  0]LogConfig: Setting CVar [[r.Shadow.CSM.TransitionScale:1.0]]
[2022.01.30-19.17.33:319][  0]LogConfig: Setting CVar [[r.Shadow.PreShadowResolutionFactor:1.0]]
[2022.01.30-19.17.33:319][  0]LogConfig: Setting CVar [[r.DistanceFieldShadowing:1]]
[2022.01.30-19.17.33:319][  0]LogConfig: Setting CVar [[r.DistanceFieldAO:1]]
[2022.01.30-19.17.33:319][  0]LogConfig: Setting CVar [[r.AOQuality:2]]
[2022.01.30-19.17.33:319][  0]LogConfig: Setting CVar [[r.VolumetricFog:1]]
[2022.01.30-19.17.33:319][  0]LogConfig: Setting CVar [[r.VolumetricFog.GridPixelSize:8]]
[2022.01.30-19.17.33:319][  0]LogConfig: Setting CVar [[r.VolumetricFog.GridSizeZ:128]]
[2022.01.30-19.17.33:319][  0]LogConfig: Setting CVar [[r.VolumetricFog.HistoryMissSupersampleCount:4]]
[2022.01.30-19.17.33:319][  0]LogConfig: Setting CVar [[r.LightMaxDrawDistanceScale:1]]
[2022.01.30-19.17.33:319][  0]LogConfig: Setting CVar [[r.CapsuleShadows:1]]
[2022.01.30-19.17.33:319][  0]LogConfig: Applying CVar settings from Section [PostProcessQuality@3] File [E:/MY_PROJECTS/Games Education/Middle/HW_4/PZ4/PZ_4/Saved/Config/Windows/Scalability.ini]
[2022.01.30-19.17.33:319][  0]LogConfig: Setting CVar [[r.MotionBlurQuality:4]]
[2022.01.30-19.17.33:319][  0]LogConfig: Setting CVar [[r.AmbientOcclusionMipLevelFactor:0.4]]
[2022.01.30-19.17.33:319][  0]LogConfig: Setting CVar [[r.AmbientOcclusionMaxQuality:100]]
[2022.01.30-19.17.33:320][  0]LogConfig: Setting CVar [[r.AmbientOcclusionLevels:-1]]
[2022.01.30-19.17.33:320][  0]LogConfig: Setting CVar [[r.AmbientOcclusionRadiusScale:1.0]]
[2022.01.30-19.17.33:320][  0]LogConfig: Setting CVar [[r.DepthOfFieldQuality:2]]
[2022.01.30-19.17.33:320][  0]LogConfig: Setting CVar [[r.RenderTargetPoolMin:400]]
[2022.01.30-19.17.33:320][  0]LogConfig: Setting CVar [[r.LensFlareQuality:2]]
[2022.01.30-19.17.33:320][  0]LogConfig: Setting CVar [[r.SceneColorFringeQuality:1]]
[2022.01.30-19.17.33:320][  0]LogConfig: Setting CVar [[r.EyeAdaptationQuality:2]]
[2022.01.30-19.17.33:320][  0]LogConfig: Setting CVar [[r.BloomQuality:5]]
[2022.01.30-19.17.33:320][  0]LogConfig: Setting CVar [[r.FastBlurThreshold:100]]
[2022.01.30-19.17.33:320][  0]LogConfig: Setting CVar [[r.Upscale.Quality:3]]
[2022.01.30-19.17.33:320][  0]LogConfig: Setting CVar [[r.Tonemapper.GrainQuantization:1]]
[2022.01.30-19.17.33:320][  0]LogConfig: Setting CVar [[r.LightShaftQuality:1]]
[2022.01.30-19.17.33:320][  0]LogConfig: Setting CVar [[r.Filter.SizeScale:1]]
[2022.01.30-19.17.33:320][  0]LogConfig: Setting CVar [[r.Tonemapper.Quality:5]]
[2022.01.30-19.17.33:320][  0]LogConfig: Setting CVar [[r.DOF.Gather.AccumulatorQuality:1        ; higher gathering accumulator quality]]
[2022.01.30-19.17.33:320][  0]LogConfig: Setting CVar [[r.DOF.Gather.PostfilterMethod:1          ; Median3x3 postfilering method]]
[2022.01.30-19.17.33:320][  0]LogConfig: Setting CVar [[r.DOF.Gather.EnableBokehSettings:0       ; no bokeh simulation when gathering]]
[2022.01.30-19.17.33:320][  0]LogConfig: Setting CVar [[r.DOF.Gather.RingCount:4                 ; medium number of samples when gathering]]
[2022.01.30-19.17.33:320][  0]LogConfig: Setting CVar [[r.DOF.Scatter.ForegroundCompositing:1    ; additive foreground scattering]]
[2022.01.30-19.17.33:320][  0]LogConfig: Setting CVar [[r.DOF.Scatter.BackgroundCompositing:2    ; additive background scattering]]
[2022.01.30-19.17.33:320][  0]LogConfig: Setting CVar [[r.DOF.Scatter.EnableBokehSettings:1      ; bokeh simulation when scattering]]
[2022.01.30-19.17.33:320][  0]LogConfig: Setting CVar [[r.DOF.Scatter.MaxSpriteRatio:0.1         ; only a maximum of 10% of scattered bokeh]]
[2022.01.30-19.17.33:320][  0]LogConfig: Setting CVar [[r.DOF.Recombine.Quality:1                ; cheap slight out of focus]]
[2022.01.30-19.17.33:320][  0]LogConfig: Setting CVar [[r.DOF.Recombine.EnableBokehSettings:0    ; no bokeh simulation on slight out of focus]]
[2022.01.30-19.17.33:320][  0]LogConfig: Setting CVar [[r.DOF.TemporalAAQuality:1                ; more stable temporal accumulation]]
[2022.01.30-19.17.33:320][  0]LogConfig: Setting CVar [[r.DOF.Kernel.MaxForegroundRadius:0.025]]
[2022.01.30-19.17.33:320][  0]LogConfig: Setting CVar [[r.DOF.Kernel.MaxBackgroundRadius:0.025]]
[2022.01.30-19.17.33:320][  0]LogConfig: Applying CVar settings from Section [TextureQuality@3] File [E:/MY_PROJECTS/Games Education/Middle/HW_4/PZ4/PZ_4/Saved/Config/Windows/Scalability.ini]
[2022.01.30-19.17.33:320][  0]LogConfig: Setting CVar [[r.Streaming.MipBias:0]]
[2022.01.30-19.17.33:320][  0]LogConfig: Setting CVar [[r.Streaming.AmortizeCPUToGPUCopy:0]]
[2022.01.30-19.17.33:320][  0]LogConfig: Setting CVar [[r.Streaming.MaxNumTexturesToStreamPerFrame:0]]
[2022.01.30-19.17.33:320][  0]LogConfig: Setting CVar [[r.Streaming.Boost:1]]
[2022.01.30-19.17.33:320][  0]LogConfig: Setting CVar [[r.MaxAnisotropy:8]]
[2022.01.30-19.17.33:320][  0]LogConfig: Setting CVar [[r.VT.MaxAnisotropy:8]]
[2022.01.30-19.17.33:320][  0]LogConfig: Setting CVar [[r.Streaming.LimitPoolSizeToVRAM:0]]
[2022.01.30-19.17.33:320][  0]LogConfig: Setting CVar [[r.Streaming.PoolSize:1000]]
[2022.01.30-19.17.33:320][  0]LogConfig: Setting CVar [[r.Streaming.MaxEffectiveScreenSize:0]]
[2022.01.30-19.17.33:320][  0]LogConfig: Applying CVar settings from Section [EffectsQuality@3] File [E:/MY_PROJECTS/Games Education/Middle/HW_4/PZ4/PZ_4/Saved/Config/Windows/Scalability.ini]
[2022.01.30-19.17.33:320][  0]LogConfig: Setting CVar [[r.TranslucencyLightingVolumeDim:64]]
[2022.01.30-19.17.33:320][  0]LogConfig: Setting CVar [[r.RefractionQuality:2]]
[2022.01.30-19.17.33:320][  0]LogConfig: Setting CVar [[r.SSR.Quality:3]]
[2022.01.30-19.17.33:320][  0]LogConfig: Setting CVar [[r.SSR.HalfResSceneColor:0]]
[2022.01.30-19.17.33:320][  0]LogConfig: Setting CVar [[r.SceneColorFormat:4]]
[2022.01.30-19.17.33:320][  0]LogConfig: Setting CVar [[r.DetailMode:2]]
[2022.01.30-19.17.33:320][  0]LogConfig: Setting CVar [[r.TranslucencyVolumeBlur:1]]
[2022.01.30-19.17.33:320][  0]LogConfig: Setting CVar [[r.MaterialQualityLevel:1 ; High quality]]
[2022.01.30-19.17.33:320][  0]LogConfig: Setting CVar [[r.AnisotropicMaterials:1]]
[2022.01.30-19.17.33:320][  0]LogConfig: Setting CVar [[r.SSS.Scale:1]]
[2022.01.30-19.17.33:320][  0]LogConfig: Setting CVar [[r.SSS.SampleSet:2]]
[2022.01.30-19.17.33:320][  0]LogConfig: Setting CVar [[r.SSS.Quality:1]]
[2022.01.30-19.17.33:320][  0]LogConfig: Setting CVar [[r.SSS.HalfRes:0]]
[2022.01.30-19.17.33:320][  0]LogConfig: Setting CVar [[r.SSGI.Quality:3]]
[2022.01.30-19.17.33:320][  0]LogConfig: Setting CVar [[r.EmitterSpawnRateScale:1.0]]
[2022.01.30-19.17.33:320][  0]LogConfig: Setting CVar [[r.ParticleLightQuality:2]]
[2022.01.30-19.17.33:320][  0]LogConfig: Setting CVar [[r.SkyAtmosphere.AerialPerspectiveLUT.FastApplyOnOpaque:1 ; Always have FastSkyLUT 1 in this case to avoid wrong sky]]
[2022.01.30-19.17.33:320][  0]LogConfig: Setting CVar [[r.SkyAtmosphere.AerialPerspectiveLUT.SampleCountMaxPerSlice:4]]
[2022.01.30-19.17.33:320][  0]LogConfig: Setting CVar [[r.SkyAtmosphere.AerialPerspectiveLUT.DepthResolution:16.0]]
[2022.01.30-19.17.33:320][  0]LogConfig: Setting CVar [[r.SkyAtmosphere.FastSkyLUT:1]]
[2022.01.30-19.17.33:320][  0]LogConfig: Setting CVar [[r.SkyAtmosphere.FastSkyLUT.SampleCountMin:4.0]]
[2022.01.30-19.17.33:320][  0]LogConfig: Setting CVar [[r.SkyAtmosphere.FastSkyLUT.SampleCountMax:128.0]]
[2022.01.30-19.17.33:320][  0]LogConfig: Setting CVar [[r.SkyAtmosphere.SampleCountMin:4.0]]
[2022.01.30-19.17.33:320][  0]LogConfig: Setting CVar [[r.SkyAtmosphere.SampleCountMax:128.0]]
[2022.01.30-19.17.33:320][  0]LogConfig: Setting CVar [[r.SkyAtmosphere.TransmittanceLUT.UseSmallFormat:0]]
[2022.01.30-19.17.33:320][  0]LogConfig: Setting CVar [[r.SkyAtmosphere.TransmittanceLUT.SampleCount:10.0]]
[2022.01.30-19.17.33:320][  0]LogConfig: Setting CVar [[r.SkyAtmosphere.MultiScatteringLUT.SampleCount:15.0]]
[2022.01.30-19.17.33:320][  0]LogConfig: Setting CVar [[r.SkyLight.RealTimeReflectionCapture:1]]
[2022.01.30-19.17.33:320][  0]LogConfig: Applying CVar settings from Section [FoliageQuality@3] File [E:/MY_PROJECTS/Games Education/Middle/HW_4/PZ4/PZ_4/Saved/Config/Windows/Scalability.ini]
[2022.01.30-19.17.33:320][  0]LogConfig: Setting CVar [[foliage.DensityScale:1.0]]
[2022.01.30-19.17.33:320][  0]LogConfig: Setting CVar [[grass.DensityScale:1.0]]
[2022.01.30-19.17.33:320][  0]LogConfig: Applying CVar settings from Section [ShadingQuality@3] File [E:/MY_PROJECTS/Games Education/Middle/HW_4/PZ4/PZ_4/Saved/Config/Windows/Scalability.ini]
[2022.01.30-19.17.33:320][  0]LogConfig: Setting CVar [[r.HairStrands.SkyLighting.IntegrationType:2]]
[2022.01.30-19.17.33:320][  0]LogConfig: Setting CVar [[r.HairStrands.SkyAO.SampleCount:4]]
[2022.01.30-19.17.33:320][  0]LogConfig: Setting CVar [[r.HairStrands.Visibility.MSAA.SamplePerPixel:4]]
[2022.01.30-19.17.33:320][  0]LogInit: Selected Device Profile: [Windows]
[2022.01.30-19.17.33:320][  0]LogInit: Applying CVar settings loaded from the selected device profile: [Windows]
[2022.01.30-19.17.33:320][  0]LogHAL: Display: Platform has ~ 32 GB [34275033088 / 34359738368 / 32], which maps to Largest [LargestMinGB=32, LargerMinGB=12, DefaultMinGB=8, SmallerMinGB=6, SmallestMinGB=0)
[2022.01.30-19.17.33:320][  0]LogInit: Going up to parent DeviceProfile []
[2022.01.30-19.17.33:320][  0]LogConfig: Applying CVar settings from Section [ViewDistanceQuality@3] File [E:/MY_PROJECTS/Games Education/Middle/HW_4/PZ4/PZ_4/Saved/Config/Windows/Scalability.ini]
[2022.01.30-19.17.33:320][  0]LogConfig: Setting CVar [[r.SkeletalMeshLODBias:0]]
[2022.01.30-19.17.33:320][  0]LogConfig: Setting CVar [[r.ViewDistanceScale:1.0]]
[2022.01.30-19.17.33:320][  0]LogConfig: Applying CVar settings from Section [AntiAliasingQuality@3] File [E:/MY_PROJECTS/Games Education/Middle/HW_4/PZ4/PZ_4/Saved/Config/Windows/Scalability.ini]
[2022.01.30-19.17.33:320][  0]LogConfig: Setting CVar [[r.PostProcessAAQuality:4]]
[2022.01.30-19.17.33:320][  0]LogConfig: Applying CVar settings from Section [ShadowQuality@3] File [E:/MY_PROJECTS/Games Education/Middle/HW_4/PZ4/PZ_4/Saved/Config/Windows/Scalability.ini]
[2022.01.30-19.17.33:320][  0]LogConfig: Setting CVar [[r.LightFunctionQuality:1]]
[2022.01.30-19.17.33:320][  0]LogConfig: Setting CVar [[r.ShadowQuality:5]]
[2022.01.30-19.17.33:320][  0]LogConfig: Setting CVar [[r.Shadow.CSM.MaxCascades:10]]
[2022.01.30-19.17.33:320][  0]LogConfig: Setting CVar [[r.Shadow.MaxResolution:2048]]
[2022.01.30-19.17.33:320][  0]LogConfig: Setting CVar [[r.Shadow.MaxCSMResolution:2048]]
[2022.01.30-19.17.33:320][  0]LogConfig: Setting CVar [[r.Shadow.RadiusThreshold:0.01]]
[2022.01.30-19.17.33:320][  0]LogConfig: Setting CVar [[r.Shadow.DistanceScale:1.0]]
[2022.01.30-19.17.33:320][  0]LogConfig: Setting CVar [[r.Shadow.CSM.TransitionScale:1.0]]
[2022.01.30-19.17.33:320][  0]LogConfig: Setting CVar [[r.Shadow.PreShadowResolutionFactor:1.0]]
[2022.01.30-19.17.33:320][  0]LogConfig: Setting CVar [[r.DistanceFieldShadowing:1]]
[2022.01.30-19.17.33:320][  0]LogConfig: Setting CVar [[r.DistanceFieldAO:1]]
[2022.01.30-19.17.33:320][  0]LogConfig: Setting CVar [[r.AOQuality:2]]
[2022.01.30-19.17.33:320][  0]LogConfig: Setting CVar [[r.VolumetricFog:1]]
[2022.01.30-19.17.33:320][  0]LogConfig: Setting CVar [[r.VolumetricFog.GridPixelSize:8]]
[2022.01.30-19.17.33:320][  0]LogConfig: Setting CVar [[r.VolumetricFog.GridSizeZ:128]]
[2022.01.30-19.17.33:320][  0]LogConfig: Setting CVar [[r.VolumetricFog.HistoryMissSupersampleCount:4]]
[2022.01.30-19.17.33:320][  0]LogConfig: Setting CVar [[r.LightMaxDrawDistanceScale:1]]
[2022.01.30-19.17.33:320][  0]LogConfig: Setting CVar [[r.CapsuleShadows:1]]
[2022.01.30-19.17.33:320][  0]LogConfig: Applying CVar settings from Section [PostProcessQuality@3] File [E:/MY_PROJECTS/Games Education/Middle/HW_4/PZ4/PZ_4/Saved/Config/Windows/Scalability.ini]
[2022.01.30-19.17.33:320][  0]LogConfig: Setting CVar [[r.MotionBlurQuality:4]]
[2022.01.30-19.17.33:320][  0]LogConfig: Setting CVar [[r.AmbientOcclusionMipLevelFactor:0.4]]
[2022.01.30-19.17.33:320][  0]LogConfig: Setting CVar [[r.AmbientOcclusionMaxQuality:100]]
[2022.01.30-19.17.33:320][  0]LogConfig: Setting CVar [[r.AmbientOcclusionLevels:-1]]
[2022.01.30-19.17.33:321][  0]LogConfig: Setting CVar [[r.AmbientOcclusionRadiusScale:1.0]]
[2022.01.30-19.17.33:321][  0]LogConfig: Setting CVar [[r.DepthOfFieldQuality:2]]
[2022.01.30-19.17.33:321][  0]LogConfig: Setting CVar [[r.RenderTargetPoolMin:400]]
[2022.01.30-19.17.33:321][  0]LogConfig: Setting CVar [[r.LensFlareQuality:2]]
[2022.01.30-19.17.33:321][  0]LogConfig: Setting CVar [[r.SceneColorFringeQuality:1]]
[2022.01.30-19.17.33:321][  0]LogConfig: Setting CVar [[r.EyeAdaptationQuality:2]]
[2022.01.30-19.17.33:321][  0]LogConfig: Setting CVar [[r.BloomQuality:5]]
[2022.01.30-19.17.33:321][  0]LogConfig: Setting CVar [[r.FastBlurThreshold:100]]
[2022.01.30-19.17.33:321][  0]LogConfig: Setting CVar [[r.Upscale.Quality:3]]
[2022.01.30-19.17.33:321][  0]LogConfig: Setting CVar [[r.Tonemapper.GrainQuantization:1]]
[2022.01.30-19.17.33:321][  0]LogConfig: Setting CVar [[r.LightShaftQuality:1]]
[2022.01.30-19.17.33:321][  0]LogConfig: Setting CVar [[r.Filter.SizeScale:1]]
[2022.01.30-19.17.33:321][  0]LogConfig: Setting CVar [[r.Tonemapper.Quality:5]]
[2022.01.30-19.17.33:321][  0]LogConfig: Setting CVar [[r.DOF.Gather.AccumulatorQuality:1        ; higher gathering accumulator quality]]
[2022.01.30-19.17.33:321][  0]LogConfig: Setting CVar [[r.DOF.Gather.PostfilterMethod:1          ; Median3x3 postfilering method]]
[2022.01.30-19.17.33:321][  0]LogConfig: Setting CVar [[r.DOF.Gather.EnableBokehSettings:0       ; no bokeh simulation when gathering]]
[2022.01.30-19.17.33:321][  0]LogConfig: Setting CVar [[r.DOF.Gather.RingCount:4                 ; medium number of samples when gathering]]
[2022.01.30-19.17.33:321][  0]LogConfig: Setting CVar [[r.DOF.Scatter.ForegroundCompositing:1    ; additive foreground scattering]]
[2022.01.30-19.17.33:321][  0]LogConfig: Setting CVar [[r.DOF.Scatter.BackgroundCompositing:2    ; additive background scattering]]
[2022.01.30-19.17.33:321][  0]LogConfig: Setting CVar [[r.DOF.Scatter.EnableBokehSettings:1      ; bokeh simulation when scattering]]
[2022.01.30-19.17.33:321][  0]LogConfig: Setting CVar [[r.DOF.Scatter.MaxSpriteRatio:0.1         ; only a maximum of 10% of scattered bokeh]]
[2022.01.30-19.17.33:321][  0]LogConfig: Setting CVar [[r.DOF.Recombine.Quality:1                ; cheap slight out of focus]]
[2022.01.30-19.17.33:321][  0]LogConfig: Setting CVar [[r.DOF.Recombine.EnableBokehSettings:0    ; no bokeh simulation on slight out of focus]]
[2022.01.30-19.17.33:321][  0]LogConfig: Setting CVar [[r.DOF.TemporalAAQuality:1                ; more stable temporal accumulation]]
[2022.01.30-19.17.33:321][  0]LogConfig: Setting CVar [[r.DOF.Kernel.MaxForegroundRadius:0.025]]
[2022.01.30-19.17.33:321][  0]LogConfig: Setting CVar [[r.DOF.Kernel.MaxBackgroundRadius:0.025]]
[2022.01.30-19.17.33:321][  0]LogConfig: Applying CVar settings from Section [TextureQuality@3] File [E:/MY_PROJECTS/Games Education/Middle/HW_4/PZ4/PZ_4/Saved/Config/Windows/Scalability.ini]
[2022.01.30-19.17.33:321][  0]LogConfig: Setting CVar [[r.Streaming.MipBias:0]]
[2022.01.30-19.17.33:321][  0]LogConfig: Setting CVar [[r.Streaming.AmortizeCPUToGPUCopy:0]]
[2022.01.30-19.17.33:321][  0]LogConfig: Setting CVar [[r.Streaming.MaxNumTexturesToStreamPerFrame:0]]
[2022.01.30-19.17.33:321][  0]LogConfig: Setting CVar [[r.Streaming.Boost:1]]
[2022.01.30-19.17.33:321][  0]LogConfig: Setting CVar [[r.MaxAnisotropy:8]]
[2022.01.30-19.17.33:321][  0]LogConfig: Setting CVar [[r.VT.MaxAnisotropy:8]]
[2022.01.30-19.17.33:321][  0]LogConfig: Setting CVar [[r.Streaming.LimitPoolSizeToVRAM:0]]
[2022.01.30-19.17.33:321][  0]LogConfig: Setting CVar [[r.Streaming.PoolSize:1000]]
[2022.01.30-19.17.33:321][  0]LogConfig: Setting CVar [[r.Streaming.MaxEffectiveScreenSize:0]]
[2022.01.30-19.17.33:321][  0]LogConfig: Applying CVar settings from Section [EffectsQuality@3] File [E:/MY_PROJECTS/Games Education/Middle/HW_4/PZ4/PZ_4/Saved/Config/Windows/Scalability.ini]
[2022.01.30-19.17.33:321][  0]LogConfig: Setting CVar [[r.TranslucencyLightingVolumeDim:64]]
[2022.01.30-19.17.33:321][  0]LogConfig: Setting CVar [[r.RefractionQuality:2]]
[2022.01.30-19.17.33:321][  0]LogConfig: Setting CVar [[r.SSR.Quality:3]]
[2022.01.30-19.17.33:321][  0]LogConfig: Setting CVar [[r.SSR.HalfResSceneColor:0]]
[2022.01.30-19.17.33:321][  0]LogConfig: Setting CVar [[r.SceneColorFormat:4]]
[2022.01.30-19.17.33:321][  0]LogConfig: Setting CVar [[r.DetailMode:2]]
[2022.01.30-19.17.33:321][  0]LogConfig: Setting CVar [[r.TranslucencyVolumeBlur:1]]
[2022.01.30-19.17.33:321][  0]LogConfig: Setting CVar [[r.MaterialQualityLevel:1 ; High quality]]
[2022.01.30-19.17.33:321][  0]LogConfig: Setting CVar [[r.AnisotropicMaterials:1]]
[2022.01.30-19.17.33:321][  0]LogConfig: Setting CVar [[r.SSS.Scale:1]]
[2022.01.30-19.17.33:321][  0]LogConfig: Setting CVar [[r.SSS.SampleSet:2]]
[2022.01.30-19.17.33:321][  0]LogConfig: Setting CVar [[r.SSS.Quality:1]]
[2022.01.30-19.17.33:321][  0]LogConfig: Setting CVar [[r.SSS.HalfRes:0]]
[2022.01.30-19.17.33:321][  0]LogConfig: Setting CVar [[r.SSGI.Quality:3]]
[2022.01.30-19.17.33:321][  0]LogConfig: Setting CVar [[r.EmitterSpawnRateScale:1.0]]
[2022.01.30-19.17.33:321][  0]LogConfig: Setting CVar [[r.ParticleLightQuality:2]]
[2022.01.30-19.17.33:321][  0]LogConfig: Setting CVar [[r.SkyAtmosphere.AerialPerspectiveLUT.FastApplyOnOpaque:1 ; Always have FastSkyLUT 1 in this case to avoid wrong sky]]
[2022.01.30-19.17.33:321][  0]LogConfig: Setting CVar [[r.SkyAtmosphere.AerialPerspectiveLUT.SampleCountMaxPerSlice:4]]
[2022.01.30-19.17.33:321][  0]LogConfig: Setting CVar [[r.SkyAtmosphere.AerialPerspectiveLUT.DepthResolution:16.0]]
[2022.01.30-19.17.33:321][  0]LogConfig: Setting CVar [[r.SkyAtmosphere.FastSkyLUT:1]]
[2022.01.30-19.17.33:321][  0]LogConfig: Setting CVar [[r.SkyAtmosphere.FastSkyLUT.SampleCountMin:4.0]]
[2022.01.30-19.17.33:321][  0]LogConfig: Setting CVar [[r.SkyAtmosphere.FastSkyLUT.SampleCountMax:128.0]]
[2022.01.30-19.17.33:321][  0]LogConfig: Setting CVar [[r.SkyAtmosphere.SampleCountMin:4.0]]
[2022.01.30-19.17.33:321][  0]LogConfig: Setting CVar [[r.SkyAtmosphere.SampleCountMax:128.0]]
[2022.01.30-19.17.33:321][  0]LogConfig: Setting CVar [[r.SkyAtmosphere.TransmittanceLUT.UseSmallFormat:0]]
[2022.01.30-19.17.33:321][  0]LogConfig: Setting CVar [[r.SkyAtmosphere.TransmittanceLUT.SampleCount:10.0]]
[2022.01.30-19.17.33:321][  0]LogConfig: Setting CVar [[r.SkyAtmosphere.MultiScatteringLUT.SampleCount:15.0]]
[2022.01.30-19.17.33:321][  0]LogConfig: Setting CVar [[r.SkyLight.RealTimeReflectionCapture:1]]
[2022.01.30-19.17.33:321][  0]LogConfig: Applying CVar settings from Section [FoliageQuality@3] File [E:/MY_PROJECTS/Games Education/Middle/HW_4/PZ4/PZ_4/Saved/Config/Windows/Scalability.ini]
[2022.01.30-19.17.33:321][  0]LogConfig: Setting CVar [[foliage.DensityScale:1.0]]
[2022.01.30-19.17.33:321][  0]LogConfig: Setting CVar [[grass.DensityScale:1.0]]
[2022.01.30-19.17.33:321][  0]LogConfig: Applying CVar settings from Section [ShadingQuality@3] File [E:/MY_PROJECTS/Games Education/Middle/HW_4/PZ4/PZ_4/Saved/Config/Windows/Scalability.ini]
[2022.01.30-19.17.33:321][  0]LogConfig: Setting CVar [[r.HairStrands.SkyLighting.IntegrationType:2]]
[2022.01.30-19.17.33:321][  0]LogConfig: Setting CVar [[r.HairStrands.SkyAO.SampleCount:4]]
[2022.01.30-19.17.33:321][  0]LogConfig: Setting CVar [[r.HairStrands.Visibility.MSAA.SamplePerPixel:4]]
[2022.01.30-19.17.33:321][  0]LogConfig: Applying CVar settings from Section [Startup] File [../../../Engine/Config/ConsoleVariables.ini]
[2022.01.30-19.17.33:321][  0]LogConfig: Setting CVar [[net.UseAdaptiveNetUpdateFrequency:0]]
[2022.01.30-19.17.33:321][  0]LogConfig: Setting CVar [[p.chaos.AllowCreatePhysxBodies:1]]
[2022.01.30-19.17.33:321][  0]LogConfig: Setting CVar [[fx.SkipVectorVMBackendOptimizations:1]]
[2022.01.30-19.17.33:321][  0]LogConfig: Applying CVar settings from Section [ConsoleVariables] File [E:/MY_PROJECTS/Games Education/Middle/HW_4/PZ4/PZ_4/Saved/Config/Windows/Engine.ini]
[2022.01.30-19.17.33:321][  0]LogConfig: Applying CVar settings from Section [ConsoleVariables] File [E:/MY_PROJECTS/Games Education/Middle/HW_4/PZ4/PZ_4/Saved/Config/Windows/Editor.ini]
[2022.01.30-19.17.33:321][  0]LogInit: Computer: ARTLINE-93PLTPQ
[2022.01.30-19.17.33:321][  0]LogInit: User: User
[2022.01.30-19.17.33:321][  0]LogInit: CPU Page size=4096, Cores=8
[2022.01.30-19.17.33:321][  0]LogInit: High frequency timer resolution =10.000000 MHz
[2022.01.30-19.17.33:321][  0]LogMemory: Memory total: Physical=31.9GB (32GB approx)
[2022.01.30-19.17.33:321][  0]LogMemory: Platform Memory Stats for Windows
[2022.01.30-19.17.33:321][  0]LogMemory: Process Physical Memory: 148.28 MB used, 148.29 MB peak
[2022.01.30-19.17.33:321][  0]LogMemory: Process Virtual Memory: 131.12 MB used, 131.12 MB peak
[2022.01.30-19.17.33:321][  0]LogMemory: Physical Memory: 10975.96 MB used,  21711.25 MB free, 32687.22 MB total
[2022.01.30-19.17.33:321][  0]LogMemory: Virtual Memory: 134194768.00 MB used,  22960.77 MB free, 134217728.00 MB total
[2022.01.30-19.17.33:325][  0]LogWindows: WindowsPlatformFeatures enabled
[2022.01.30-19.17.33:346][  0]LogInit: Physics initialised using underlying interface: PhysX
[2022.01.30-19.17.33:347][  0]LogInit: Using OS detected language (ru-RU).
[2022.01.30-19.17.33:347][  0]LogInit: Using OS detected locale (ru-RU).
[2022.01.30-19.17.33:348][  0]LogTextLocalizationManager: No specific localization for 'ru-RU' exists, so the 'ru' localization will be used.
[2022.01.30-19.17.33:348][  0]LogTextLocalizationResource: LocRes '../../../Engine/Content/Localization/Editor/ru/Editor.locres' could not be opened for reading!
[2022.01.30-19.17.33:348][  0]LogTextLocalizationResource: LocRes '../../../Engine/Content/Localization/EditorTutorials/ru/EditorTutorials.locres' could not be opened for reading!
[2022.01.30-19.17.33:348][  0]LogTextLocalizationResource: LocRes '../../../Engine/Content/Localization/Keywords/ru/Keywords.locres' could not be opened for reading!
[2022.01.30-19.17.33:349][  0]LogTextLocalizationResource: LocRes '../../../Engine/Content/Localization/Category/ru/Category.locres' could not be opened for reading!
[2022.01.30-19.17.33:349][  0]LogTextLocalizationResource: LocRes '../../../Engine/Content/Localization/ToolTips/ru/ToolTips.locres' could not be opened for reading!
[2022.01.30-19.17.33:349][  0]LogTextLocalizationResource: LocRes '../../../Engine/Content/Localization/PropertyNames/ru/PropertyNames.locres' could not be opened for reading!
[2022.01.30-19.17.33:349][  0]LogTextLocalizationResource: LocRes '../../../Engine/Content/Localization/Engine/ru/Engine.locres' could not be opened for reading!
[2022.01.30-19.17.33:349][  0]LogInit: Setting process to per monitor DPI aware
[2022.01.30-19.17.33:356][  0]LogWindowsTextInputMethodSystem: Display: IME system deactivated.
[2022.01.30-19.17.33:367][  0]LogSlate: New Slate User Created.  User Index 0, Is Virtual User: 0
[2022.01.30-19.17.33:367][  0]LogSlate: Slate User Registered.  User Index 0, Is Virtual User: 0
[2022.01.30-19.17.33:449][  0]LogD3D11RHI: Loaded GFSDK_Aftermath_Lib.x64.dll
[2022.01.30-19.17.33:451][  0]LogHMD: Failed to initialize OpenVR with code 110
[2022.01.30-19.17.33:451][  0]LogD3D11RHI: D3D11 min allowed feature level: 11_0
[2022.01.30-19.17.33:451][  0]LogD3D11RHI: D3D11 max allowed feature level: 11_0
[2022.01.30-19.17.33:451][  0]LogD3D11RHI: D3D11 adapters:
[2022.01.30-19.17.33:530][  0]LogD3D11RHI:    0. 'NVIDIA GeForce RTX 3070' (Feature Level 11_0)
[2022.01.30-19.17.33:530][  0]LogD3D11RHI:       8043/0/16343 MB DedicatedVideo/DedicatedSystem/SharedSystem, Outputs:2, VendorId:0x10de
[2022.01.30-19.17.33:531][  0]LogD3D11RHI:    1. 'Microsoft Basic Render Driver' (Feature Level 11_0)
[2022.01.30-19.17.33:531][  0]LogD3D11RHI:       0/0/16343 MB DedicatedVideo/DedicatedSystem/SharedSystem, Outputs:0, VendorId:0x1414
[2022.01.30-19.17.33:531][  0]LogD3D11RHI: Chosen D3D11 Adapter:
[2022.01.30-19.17.33:531][  0]LogD3D11RHI:     Description : NVIDIA GeForce RTX 3070
[2022.01.30-19.17.33:531][  0]LogD3D11RHI:     VendorId    : 10de
[2022.01.30-19.17.33:531][  0]LogD3D11RHI:     DeviceId    : 2484
[2022.01.30-19.17.33:531][  0]LogD3D11RHI:     SubSysId    : 87bc1043
[2022.01.30-19.17.33:531][  0]LogD3D11RHI:     Revision    : 00a1
[2022.01.30-19.17.33:531][  0]LogD3D11RHI:     DedicatedVideoMemory : 8433696768 bytes
[2022.01.30-19.17.33:531][  0]LogD3D11RHI:     DedicatedSystemMemory : 0 bytes
[2022.01.30-19.17.33:531][  0]LogD3D11RHI:     SharedSystemMemory : 17137516544 bytes
[2022.01.30-19.17.33:531][  0]LogD3D11RHI:     AdapterLuid : 0 61576
[2022.01.30-19.17.33:535][  0]LogD3D11RHI: Creating new Direct3DDevice
[2022.01.30-19.17.33:535][  0]LogD3D11RHI:     GPU DeviceId: 0x2484 (for the marketing name, search the web for "GPU Device Id")
[2022.01.30-19.17.33:535][  0]LogWindows: EnumDisplayDevices:
[2022.01.30-19.17.33:535][  0]LogWindows:    0. 'NVIDIA GeForce RTX 3070' (P:1 D:1)
[2022.01.30-19.17.33:536][  0]LogWindows:    1. 'NVIDIA GeForce RTX 3070' (P:0 D:1)
[2022.01.30-19.17.33:536][  0]LogWindows:    2. 'NVIDIA GeForce RTX 3070' (P:0 D:0)
[2022.01.30-19.17.33:536][  0]LogWindows:    3. 'NVIDIA GeForce RTX 3070' (P:0 D:0)
[2022.01.30-19.17.33:536][  0]LogWindows: DebugString: FoundDriverCount:4 
[2022.01.30-19.17.33:536][  0]LogD3D11RHI:     Adapter Name: NVIDIA GeForce RTX 3070
[2022.01.30-19.17.33:536][  0]LogD3D11RHI:   Driver Version: 461.09 (internal:27.21.14.6109, unified:461.09)
[2022.01.30-19.17.33:536][  0]LogD3D11RHI:      Driver Date: 12-31-2020
[2022.01.30-19.17.33:536][  0]LogRHI: Texture pool is 5630 MB (70% of 8043 MB)
[2022.01.30-19.17.33:536][  0]LogD3D11RHI: Creating D3DDevice using adapter:
[2022.01.30-19.17.33:536][  0]LogD3D11RHI:     Description : NVIDIA GeForce RTX 3070
[2022.01.30-19.17.33:536][  0]LogD3D11RHI:     VendorId    : 10de
[2022.01.30-19.17.33:536][  0]LogD3D11RHI:     DeviceId    : 2484
[2022.01.30-19.17.33:536][  0]LogD3D11RHI:     SubSysId    : 87bc1043
[2022.01.30-19.17.33:536][  0]LogD3D11RHI:     Revision    : 00a1
[2022.01.30-19.17.33:536][  0]LogD3D11RHI:     DedicatedVideoMemory : 8433696768 bytes
[2022.01.30-19.17.33:536][  0]LogD3D11RHI:     DedicatedSystemMemory : 0 bytes
[2022.01.30-19.17.33:536][  0]LogD3D11RHI:     SharedSystemMemory : 17137516544 bytes
[2022.01.30-19.17.33:536][  0]LogD3D11RHI:     AdapterLuid : 0 61576
[2022.01.30-19.17.33:591][  0]LogD3D11RHI: RHI has support for 64 bit atomics
[2022.01.30-19.17.33:591][  0]LogD3D11RHI: Async texture creation enabled
[2022.01.30-19.17.33:591][  0]LogD3D11RHI: Array index from any shader is supported
[2022.01.30-19.17.33:592][  0]LogD3D11RHI: HDR output is supported on display 0 (NvId: 0x80061081).
[2022.01.30-19.17.33:609][  0]LogD3D11RHI: GPU Timing Frequency: 1000.000000 (Debug: 2 2)
[2022.01.30-19.17.33:635][  0]LogRHI: GeForceNow SDK initialized: 1
[2022.01.30-19.17.34:155][  0]LogTargetPlatformManager: Display: Loaded TargetPlatform 'AllDesktop'
[2022.01.30-19.17.34:170][  0]LogTargetPlatformManager: Display: Loaded TargetPlatform 'Android'
[2022.01.30-19.17.34:170][  0]LogTargetPlatformManager: Display: Loaded TargetPlatform 'Android_ASTC'
[2022.01.30-19.17.34:170][  0]LogTargetPlatformManager: Display: Loaded TargetPlatform 'Android_DXT'
[2022.01.30-19.17.34:170][  0]LogTargetPlatformManager: Display: Loaded TargetPlatform 'Android_ETC2'
[2022.01.30-19.17.34:170][  0]LogTargetPlatformManager: Display: Loaded TargetPlatform 'AndroidClient'
[2022.01.30-19.17.34:170][  0]LogTargetPlatformManager: Display: Loaded TargetPlatform 'Android_ASTCClient'
[2022.01.30-19.17.34:170][  0]LogTargetPlatformManager: Display: Loaded TargetPlatform 'Android_DXTClient'
[2022.01.30-19.17.34:170][  0]LogTargetPlatformManager: Display: Loaded TargetPlatform 'Android_ETC2Client'
[2022.01.30-19.17.34:170][  0]LogTargetPlatformManager: Display: Loaded TargetPlatform 'Android_Multi'
[2022.01.30-19.17.34:170][  0]LogTargetPlatformManager: Display: Loaded TargetPlatform 'Android_MultiClient'
[2022.01.30-19.17.34:182][  0]LogTargetPlatformManager: Display: Loaded TargetPlatform 'IOSClient'
[2022.01.30-19.17.34:182][  0]LogTargetPlatformManager: Display: Loaded TargetPlatform 'IOS'
[2022.01.30-19.17.34:188][  0]LogTargetPlatformManager: Display: Loaded TargetPlatform 'Linux'
[2022.01.30-19.17.34:190][  0]LogTargetPlatformManager: Display: Loaded TargetPlatform 'LinuxNoEditor'
[2022.01.30-19.17.34:193][  0]LogTargetPlatformManager: Display: Loaded TargetPlatform 'LinuxClient'
[2022.01.30-19.17.34:196][  0]LogTargetPlatformManager: Display: Loaded TargetPlatform 'LinuxServer'
[2022.01.30-19.17.34:202][  0]LogTargetPlatformManager: Display: Loaded TargetPlatform 'LinuxAArch64NoEditor'
[2022.01.30-19.17.34:204][  0]LogTargetPlatformManager: Display: Loaded TargetPlatform 'LinuxAArch64Client'
[2022.01.30-19.17.34:207][  0]LogTargetPlatformManager: Display: Loaded TargetPlatform 'LinuxAArch64Server'
[2022.01.30-19.17.34:223][  0]LogTargetPlatformManager: Display: Loaded TargetPlatform 'Lumin'
[2022.01.30-19.17.34:223][  0]LogTargetPlatformManager: Display: Loaded TargetPlatform 'LuminClient'
[2022.01.30-19.17.34:228][  0]LogTargetPlatformManager: Display: Loaded TargetPlatform 'MacNoEditor'
[2022.01.30-19.17.34:231][  0]LogTargetPlatformManager: Display: Loaded TargetPlatform 'Mac'
[2022.01.30-19.17.34:233][  0]LogTargetPlatformManager: Display: Loaded TargetPlatform 'MacClient'
[2022.01.30-19.17.34:236][  0]LogTargetPlatformManager: Display: Loaded TargetPlatform 'MacServer'
[2022.01.30-19.17.34:243][  0]LogTargetPlatformManager: Display: Loaded TargetPlatform 'TVOSClient'
[2022.01.30-19.17.34:243][  0]LogTargetPlatformManager: Display: Loaded TargetPlatform 'TVOS'
[2022.01.30-19.17.34:248][  0]LogTargetPlatformManager: Display: Loaded TargetPlatform 'WindowsNoEditor'
[2022.01.30-19.17.34:252][  0]LogTargetPlatformManager: Display: Loaded TargetPlatform 'Windows'
[2022.01.30-19.17.34:255][  0]LogTargetPlatformManager: Display: Loaded TargetPlatform 'WindowsClient'
[2022.01.30-19.17.34:258][  0]LogTargetPlatformManager: Display: Loaded TargetPlatform 'WindowsServer'
[2022.01.30-19.17.34:258][  0]LogTargetPlatformManager: Display: Building Assets For Windows
[2022.01.30-19.17.34:262][  0]LogAudioDebug: Display: Lib vorbis DLL was dynamically loaded.
[2022.01.30-19.17.34:281][  0]LogTextureFormatOodle: Display: Oodle Texture 2.9.0 init RDO Off
[2022.01.30-19.17.34:299][  0]LogRendererCore: Ray tracing is disabled. Reason: r.RayTracing=0.
[2022.01.30-19.17.34:299][  0]LogShaderCompilers: Guid format shader working directory is -7 characters bigger than the processId version (E:/MY_PROJECTS/Games Education/Middle/HW_4/PZ4/PZ_4/Intermediate/Shaders/WorkingDirectory/13736/).
[2022.01.30-19.17.34:299][  0]LogShaderCompilers: Cleaned the shader compiler working directory 'C:/Users/User/AppData/Local/Temp/UnrealShaderWorkingDir/93F0D310402DAFF7C27F4A8BA743DB8A/'.
[2022.01.30-19.17.34:299][  0]LogXGEController: Cannot use XGE Controller as Incredibuild is not installed on this machine.
[2022.01.30-19.17.34:300][  0]LogShaderCompilers: Cannot use XGE Shader Compiler as Incredibuild is not installed on this machine.
[2022.01.30-19.17.34:300][  0]LogShaderCompilers: Display: Using Local Shader Compiler.
[2022.01.30-19.17.34:896][  0]LogDerivedDataCache: Display: Max Cache Size: 512 MB
[2022.01.30-19.17.34:948][  0]LogDerivedDataCache: Loaded boot cache 0.05s 120MB C:/Users/User/AppData/Local/UnrealEngine/4.27/DerivedDataCache/Boot.ddc.
[2022.01.30-19.17.34:948][  0]LogDerivedDataCache: Display: Loaded Boot cache: C:/Users/User/AppData/Local/UnrealEngine/4.27/DerivedDataCache/Boot.ddc
[2022.01.30-19.17.34:949][  0]LogDerivedDataCache: FDerivedDataBackendGraph:  Pak pak cache file E:/MY_PROJECTS/Games Education/Middle/HW_4/PZ4/PZ_4/DerivedDataCache/DDC.ddp not found, will not use a pak cache.
[2022.01.30-19.17.34:949][  0]LogDerivedDataCache: Unable to find inner node Pak for hierarchical cache Hierarchy.
[2022.01.30-19.17.34:949][  0]LogDerivedDataCache: FDerivedDataBackendGraph:  CompressedPak pak cache file E:/MY_PROJECTS/Games Education/Middle/HW_4/PZ4/PZ_4/DerivedDataCache/Compressed.ddp not found, will not use a pak cache.
[2022.01.30-19.17.34:949][  0]LogDerivedDataCache: Unable to find inner node CompressedPak for hierarchical cache Hierarchy.
[2022.01.30-19.17.34:962][  0]LogDerivedDataCache: Display: Pak cache opened for reading ../../../Engine/DerivedDataCache/Compressed.ddp.
[2022.01.30-19.17.34:962][  0]LogDerivedDataCache: FDerivedDataBackendGraph:  EnterprisePak pak cache file ../../../Enterprise/DerivedDataCache/Compressed.ddp not found, will not use a pak cache.
[2022.01.30-19.17.34:962][  0]LogDerivedDataCache: Unable to find inner node EnterprisePak for hierarchical cache Hierarchy.
[2022.01.30-19.17.34:966][  0]LogDerivedDataCache: Speed tests for C:/Users/User/AppData/Local/UnrealEngine/Common/DerivedDataCache took 0.00 seconds
[2022.01.30-19.17.34:966][  0]LogDerivedDataCache: Display: Performance to C:/Users/User/AppData/Local/UnrealEngine/Common/DerivedDataCache: Latency=0.01ms. RandomReadSpeed=1906.66MBs, RandomWriteSpeed=304.81MBs. Assigned SpeedClass 'Local'
[2022.01.30-19.17.34:966][  0]LogDerivedDataCache: Using Local data cache path C:/Users/User/AppData/Local/UnrealEngine/Common/DerivedDataCache: Writable
[2022.01.30-19.17.34:966][  0]LogDerivedDataCache: Shared data cache path not found in *engine.ini, will not use an Shared cache.
[2022.01.30-19.17.34:967][  0]LogDerivedDataCache: Unable to find inner node Shared for hierarchical cache Hierarchy.
[2022.01.30-19.17.35:004][  0]LogSlate: Using FreeType 2.10.0
[2022.01.30-19.17.35:004][  0]LogSlate: SlateFontServices - WITH_FREETYPE: 1, WITH_HARFBUZZ: 1
[2022.01.30-19.17.35:020][  0]LogAssetRegistry: FAssetRegistry took 0.0019 seconds to start up
[2022.01.30-19.17.35:199][  0]LogInit: Selected Device Profile: [Windows]
[2022.01.30-19.17.35:199][  0]LogInit: Active device profile: [0000024139E11400][000002413A3A3880 49] Windows
[2022.01.30-19.17.35:199][  0]LogInit: Profiles: [0000024139E11400][000002413A3A3880 49] Windows, [0000024139C6FF00][0000024135749A00 49] WindowsNoEditor, [0000024139D0F500][0000024132EEDB80 49] WindowsServer, [0000024139C6EF00][00000241357B4180 49] WindowsClient, [0000024139D0CA00][000002413A4D2300 49] IOS, [0000024139C6E200][000002413A4D6480 49] iPadAir, [0000024139D0E000][000002413A4DA600 49] iPadAir2, [0000024139A58600][0000024132B188C0 49] IPadPro, [0000024139A58700][0000024132B10900 49] iPadAir3, [0000024139C6D300][000002413A3A6A40 49] iPadAir4, [0000024139A59400][000002413A336B80 49] iPadMini2, [0000024139C6F300][000002413A33ACC0 49] iPadMini3, [0000024139A59F00][000002413A368E40 49] iPadMini4, [0000024139C6DB00][000002413A36CFC0 49] iPadMini5, [0000024139A3BE00][000002413A37D280 49] iPhone6, [0000024139A3BF00][000002413A3792C0 49] iPodTouch6, [0000024139D0E600][000002413A3FF580 49] iPhone7, [0000024139D0F600][000002413A39D5C0 49] iPodTouch7, [0000024139A5B400][000002413A403740 49] iPhone5S, [0000024139D0FF00][000002413A4078C0 49] iPhone6Plus, [0000024139A5A500][000002413A42BA40 49] iPhone6S, [0000024139A38100][000002413A42FBC0 49] iPhone6SPlus, [0000024139D0DF00][0000024135C421C0 49] iPhone7Plus, [0000024139A3BA00][0000024135C46340 49] iPhoneSE, [0000024139D0E900][0000024135C4A4C0 49] iPhone8, [0000024139A5B200][000002413A374640 49] iPhone8Plus, [0000024139A39C00][0000024132EDE7C0 49] iPhoneX, [0000024139A5B300][0000024132EE2940 49] iPhoneXS, [0000024139A39B00][0000024132EE6AC0 49] iPhoneXSMax, [0000024139D0D400][000002413A364C00 49] iPhoneXR, [0000024139A39400][0000024132BA2D40 49] iPhone11, [0000024139D0E800][0000024132BA6E80 49] iPhone11Pro, [0000024139A3A900][0000024136C32FC0 49] iPhone11ProMax, [0000024139D0ED00][0000024136C3B140 49] iPhoneSE2, [0000024139A3B600][000002413A8ED2C0 49] iPhone12Mini, [0000024139D0F900][000002413A4C7440 49] iPhone12, [0000024139A38F00][000002413A4CF5C0 49] iPhone12Pro, [0000024139D0C400][0000024135C4F740 49] iPhone12ProMax, [0000024139A3A800][0000024135C538C0 49] iPadPro105, [0000024139D0E200][0000024135C61A40 49] iPadPro129, [0000024139A39700][0000024135C65BC0 49] iPadPro97, [0000024139D0D900][0000024135C681C0 49] iPadPro2_129, [0000024139A39200][000002413A60A340 49] iPad5, [0000024139D0C200][000002413A60E4C0 49] iPad6, [0000024139A3A100][000002413A612640 49] iPad7, [0000024139D0CE00][000002413A6167C0 49] iPad8, [0000024139A39800][000002413A61A940 49] iPadPro11, [0000024139D0EB00][000002413A61EAC0 49] iPadPro2_11, [0000024139A3B100][0000024132B2CC40 49] iPadPro3_129, [0000024139D0C500][0000024136C36D80 49] iPadPro4_129, [0000024139A3B000][0000024132E9AEC0 49] AppleTV, [0000024139D0E300][0000024132E9F000 49] AppleTV4K, [0000024139A38A00][0000024132EA3140 49] TVOS, [0000024139D0E700][0000024132EAB2C0 49] Mac, [0000024139A38600][0000024132B45440 49] MacClient, [0000024139D0DB00][0000024132B4D5C0 49] MacNoEditor, [0000024139A3A000][0000024132B51740 49] MacServer, [0000024139D0CB00][0000024132B558C0 49] Linux, [0000024139A38900][0000024132B59A40 49] LinuxAArch64, [0000024139D0DD00][0000024132B5DBC0 49] LinuxNoEditor, [0000024139A38400][0000024132B601C0 49] LinuxAArch64NoEditor, [0000024139D0F100][000002413A40A340 49] LinuxClient, [0000024139A39500][000002413A40E4C0 49] LinuxAArch64Client, [0000024139D0FE00][000002413A412640 49] LinuxServer, [0000024139A3BB00][0000024132B487C0 49] LinuxAArch64Server, [0000024139D0F000][0000024135C3C940 49] Android, [0000024139A3A400][000002413A422AC0 49] Android_Low, [0000024139D0D800][000002413A426C40 49] Android_Mid, [0000024139A3AC00][0000024127D98DC0 49] Android_High, [0000024139D0C900][0000024127D9CF40 49] Android_Default, [0000024139A3A500][0000024132EA7080 49] Android_Adreno4xx, [0000024139D0F300][0000024127DA11C0 49] Android_Adreno5xx_Low, [0000024139A3AB00][000002413A701300 49] Android_Adreno5xx, [0000024139D0F400][000002413A709480 49] Android_Adreno6xx, [0000024139A38200][0000024136C2F600 49] Android_Adreno6xx_Vulkan, [0000024139E12D00][0000024136C2B780 49] Android_Mali_T6xx, [0000024139A5AF00][000002413A371900 49] Android_Mali_T7xx, [0000024139E11200][0000024136C27A80 49] Android_Mali_T8xx, [0000024139A59000][000002413A3DFC00 49] Android_Mali_G71, [0000024139E10C00][000002413A3E2200 49] Android_Mali_G72, [0000024139A58A00][000002413A3E6380 49] Android_Mali_G72_Vulkan, [0000024139E11900][000002413A3EA500 49] Android_Mali_G76, [0000024139A5A800][000002413A3EE680 49] Android_Mali_G76_Vulkan, [0000024139E12C00][000002413A3F2800 49] Android_Mali_G77, [0000024139A58400][000002413A3F6980 49] Android_Mali_G77_Vulkan, [0000024139E10E00][000002413A3FAB00 49] Android_Mali_G78, [0000024139A58300][000002413A70CC80 49] Android_Mali_G78_Vulkan, [0000024139E11000][000002413A710E00 49] Android_Mali_G710, [0000024139A5BB00][000002413A714F80 49] Android_Mali_G710_Vulkan, [0000024139E13100][000002413A719100 49] Android_Vulkan_SM5, [0000024139A5A900][000002413A705240 49] Android_PowerVR_G6xxx, [0000024139E12500][000002413A71D380 49] Android_PowerVR_GT7xxx, [0000024139A58200][000002413A7214C0 49] Android_PowerVR_GE8xxx, [0000024139E10400][000002413A729640 49] Android_PowerVR_GM9xxx, [0000024139A59A00][000002413A72D7C0 49] Android_PowerVR_GM9xxx_Vulkan, [0000024139E13000][0000024135BD5940 49] Android_TegraK1, [0000024139A5A000][0000024135BD9AC0 49] Android_Unknown_Vulkan, [0000024139A3B200][0000024135BDC0C0 49] Lumin, [0000024139A58500][0000024135BE0240 49] Lumin_Desktop, [0000024139A38B00][0000024135BE43C0 49] HoloLens, 
[2022.01.30-19.17.35:293][  0]LogMeshReduction: Using QuadricMeshReduction for automatic static mesh reduction
[2022.01.30-19.17.35:293][  0]LogMeshReduction: Using SimplygonMeshReduction for automatic skeletal mesh reduction
[2022.01.30-19.17.35:293][  0]LogMeshReduction: Using ProxyLODMeshReduction for automatic mesh merging
[2022.01.30-19.17.35:293][  0]LogMeshReduction: No distributed automatic mesh merging module available
[2022.01.30-19.17.35:293][  0]LogMeshMerging: No distributed automatic mesh merging module available
[2022.01.30-19.17.35:305][  0]LogNetVersion: PZ_4 1.0.0, NetCL: 17155196, EngineNetVer: 17, GameNetVer: 0 (Checksum: 2930138624)
[2022.01.30-19.17.35:558][  0]LogTexture: Default maximum texture size for cubemaps generated from long-lat sources has been changed from 512 to unlimited. In order to preserve old behaiour for '/Engine/MapTemplates/Sky/DaylightAmbientCubemap.DaylightAmbientCubemap', its maximum texture size has been explicitly set to 512.
[2022.01.30-19.17.35:598][  0]LogHMD: PokeAHoleMaterial loaded successfully
[2022.01.30-19.17.35:603][  0]LogUObjectArray: 17178 objects as part of root set at end of initial load.
[2022.01.30-19.17.35:603][  0]LogUObjectAllocator: 4302048 out of 0 bytes used by permanent object pool.
[2022.01.30-19.17.35:603][  0]LogUObjectArray: CloseDisregardForGC: 0/0 objects in disregard for GC pool
[2022.01.30-19.17.35:781][  0]LogNiagaraDebuggerClient: Niagara Debugger Client Initialized | Session: E6943BAF492DA945DE871B995B750AA0 | Instance: 2A5F9CD4404FD9B22E84E5BA0017109F (ARTLINE-93PLTPQ-13736).
[2022.01.30-19.17.35:860][  0]LogTcpMessaging: Initializing TcpMessaging bridge
[2022.01.30-19.17.35:863][  0]LogUdpMessaging: Initializing bridge on interface 0.0.0.0:0 to multicast group 230.0.0.1:6666.
[2022.01.30-19.17.35:871][  0]LogPython: Using Python 3.7.7
[2022.01.30-19.17.36:348][  0]SourceControl: Source control is disabled
[2022.01.30-19.17.36:348][  0]SourceControl: Source control is disabled
[2022.01.30-19.17.36:351][  0]SourceControl: Source control is disabled
[2022.01.30-19.17.36:353][  0]SourceControl: Source control is disabled
[2022.01.30-19.17.36:355][  0]SourceControl: Source control is disabled
[2022.01.30-19.17.36:358][  0]LogUProjectInfo: Found projects:
[2022.01.30-19.17.36:506][  0]LogOpenImageDenoise: OIDN starting up
[2022.01.30-19.17.36:519][  0]LogAndroidPermission: UAndroidPermissionCallbackProxy::GetInstance
[2022.01.30-19.17.36:532][  0]LogAudioCaptureCore: Display: No Audio Capture implementations found. Audio input will be silent.
[2022.01.30-19.17.36:532][  0]LogAudioCaptureCore: Display: No Audio Capture implementations found. Audio input will be silent.
[2022.01.30-19.17.36:613][  0]LogCollectionManager: Loaded 0 collections in 0.001077 seconds
[2022.01.30-19.17.36:629][  0]LogFileCache: Scanning file cache for directory 'E:/MY_PROJECTS/Games Education/Middle/HW_4/PZ4/PZ_4/Saved/Collections/' took 0.00s
[2022.01.30-19.17.36:629][  0]LogFileCache: Scanning file cache for directory 'E:/MY_PROJECTS/Games Education/Middle/HW_4/PZ4/PZ_4/Content/Developers/User/Collections/' took 0.00s
[2022.01.30-19.17.36:629][  0]LogFileCache: Scanning file cache for directory 'E:/MY_PROJECTS/Games Education/Middle/HW_4/PZ4/PZ_4/Content/Collections/' took 0.00s
[2022.01.30-19.17.36:629][  0]LogOcInput: OculusInput pre-init called
[2022.01.30-19.17.36:786][  0]LogEngine: Initializing Engine...
[2022.01.30-19.17.36:787][  0]LogHMD: Failed to enumerate extensions. Please check that you have a valid OpenXR runtime installed.
[2022.01.30-19.17.36:787][  0]LogHMD: Failed to initialize OpenVR with code 110
[2022.01.30-19.17.36:788][  0]LogMagicLeap: Warning: VR disabled because ZI is not enabled.  To enable, in the editor, Edit -> Project Settings -> Plugins -> Magic Leap Plugin -> Enable Zero Iteration
[2022.01.30-19.17.36:788][  0]LogStats: UGameplayTagsManager::InitializeManager -  0.000 s
[2022.01.30-19.17.36:883][  0]LogInit: Initializing FReadOnlyCVARCache
[2022.01.30-19.17.36:889][  0]LogAIModule: Creating AISystem for world Untitled
[2022.01.30-19.17.36:889][  0]LogAudio: Display: Initializing Audio Device Manager...
[2022.01.30-19.17.36:891][  0]LogAudio: Display: Loading Default Audio Settings Objects...
[2022.01.30-19.17.36:891][  0]LogAudio: Display: No default SoundConcurrencyObject specified (or failed to load).
[2022.01.30-19.17.36:892][  0]LogAudio: Display: Audio Device Manager Initialized
[2022.01.30-19.17.36:892][  0]LogAudio: Display: Creating Audio Device:                 Id: 1, Scope: Shared, Realtime: True
[2022.01.30-19.17.36:892][  0]LogAudioMixer: Display: Audio Mixer Platform Settings:
[2022.01.30-19.17.36:892][  0]LogAudioMixer: Display: 	Sample Rate:						  48000
[2022.01.30-19.17.36:892][  0]LogAudioMixer: Display: 	Callback Buffer Frame Size Requested: 1024
[2022.01.30-19.17.36:892][  0]LogAudioMixer: Display: 	Callback Buffer Frame Size To Use:	  1024
[2022.01.30-19.17.36:892][  0]LogAudioMixer: Display: 	Number of buffers to queue:			  2
[2022.01.30-19.17.36:892][  0]LogAudioMixer: Display: 	Max Channels (voices):				  32
[2022.01.30-19.17.36:892][  0]LogAudioMixer: Display: 	Number of Async Source Workers:		  0
[2022.01.30-19.17.36:892][  0]LogAudio: Display: AudioDevice MaxSources: 32
[2022.01.30-19.17.36:892][  0]LogAudio: Display: Audio Spatialization Plugin: None (built-in).
[2022.01.30-19.17.36:892][  0]LogAudio: Display: Audio Reverb Plugin: None (built-in).
[2022.01.30-19.17.36:892][  0]LogAudio: Display: Audio Occlusion Plugin: None (built-in).
[2022.01.30-19.17.36:892][  0]LogAudioMixer: Display: Initializing audio mixer.
[2022.01.30-19.17.36:899][  0]LogAudioMixer: Display: 0: FrontLeft
[2022.01.30-19.17.36:899][  0]LogAudioMixer: Display: 1: FrontRight
[2022.01.30-19.17.36:907][  0]LogAudioMixer: Display: Using Audio Device Наушники (Arctis 5 Game)
[2022.01.30-19.17.36:908][  0]LogAudioMixer: Display: Initializing Sound Submixes...
[2022.01.30-19.17.36:909][  0]LogAudioMixer: Display: Creating Master Submix 'MasterSubmixDefault'
[2022.01.30-19.17.36:909][  0]LogAudioMixer: Display: Creating Master Submix 'MasterReverbSubmixDefault'
[2022.01.30-19.17.36:910][  0]LogAudioMixer: Display: Creating Master Submix 'MasterEQSubmixDefault'
[2022.01.30-19.17.36:910][  0]LogAudioMixer: FMixerPlatformXAudio2::StartAudioStream() called
[2022.01.30-19.17.36:910][  0]LogAudioMixer: Display: Output buffers initialized: Frames=1024, Channels=2, Samples=2048
[2022.01.30-19.17.36:910][  0]LogAudioMixer: Display: Starting AudioMixerPlatformInterface::RunInternal()
[2022.01.30-19.17.36:910][  0]LogAudioMixer: Display: FMixerPlatformXAudio2::SubmitBuffer() called for the first time
[2022.01.30-19.17.36:910][  0]LogInit: FAudioDevice initialized.
[2022.01.30-19.17.36:911][  0]LogAudio: Display: Audio Device (ID: 1) registered with world 'Untitled'.
[2022.01.30-19.17.36:911][  0]LogNetVersion: Set ProjectVersion to 1.0.0.0. Version Checksum will be recalculated on next use.
[2022.01.30-19.17.36:958][  0]LogDerivedDataCache: Saved boot cache 0.05s 120MB C:/Users/User/AppData/Local/UnrealEngine/4.27/DerivedDataCache/Boot.ddc.
[2022.01.30-19.17.36:960][  0]LogInit: Texture streaming: Enabled
[2022.01.30-19.17.36:967][  0]LogAnalytics: Display: [UEEditor.Rocket.Release] APIServer = https://datarouter.ol.epicgames.com/. AppVersion = 4.27.2-18319896+++UE4+Release-4.27
[2022.01.30-19.17.36:969][  0]LogEngineSessionManager: EngineSessionManager initialized
[2022.01.30-19.17.36:969][  0]LogEditorSessionSummary: Verbose: Initializing EditorSessionSummaryWriter for editor session tracking
[2022.01.30-19.17.36:970][  0]LogEditorSessionSummary: EditorSessionSummaryWriter initialized
[2022.01.30-19.17.36:985][  0]LogInit: Transaction tracking system initialized
[2022.01.30-19.17.36:999][  0]BlueprintLog: New page: Editor Load
[2022.01.30-19.17.37:035][  0]LocalizationService: Localization service is disabled
[2022.01.30-19.17.37:049][  0]TimingProfiler: Initialize
[2022.01.30-19.17.37:049][  0]TimingProfiler: OnSessionChanged
[2022.01.30-19.17.37:049][  0]LoadingProfiler: Initialize
[2022.01.30-19.17.37:049][  0]LoadingProfiler: OnSessionChanged
[2022.01.30-19.17.37:049][  0]NetworkingProfiler: Initialize
[2022.01.30-19.17.37:049][  0]NetworkingProfiler: OnSessionChanged
[2022.01.30-19.17.37:049][  0]MemoryProfiler: Initialize
[2022.01.30-19.17.37:049][  0]MemoryProfiler: OnSessionChanged
[2022.01.30-19.17.37:139][  0]LogCook: Display: CookSettings for Memory: MemoryMaxUsedVirtual 0MiB, MemoryMaxUsedPhysical 16384MiB, MemoryMinFreeVirtual 0MiB, MemoryMinFreePhysical 1024MiB
[2022.01.30-19.17.37:139][  0]LogCook: Display: Mobile HDR setting 1
[2022.01.30-19.17.37:259][  0]LogFileCache: Scanning file cache for directory 'E:/MY_PROJECTS/Games Education/Middle/HW_4/PZ4/PZ_4/Content/' took 0.00s
[2022.01.30-19.17.37:377][  0]LogInit: Display: Engine is initialized. Leaving FEngineLoop::Init()
[2022.01.30-19.17.37:379][  0]SourceControl: Source control is disabled
[2022.01.30-19.17.37:379][  0]LogUnrealEdMisc: Loading editor; pre map load, took 4.684
[2022.01.30-19.17.37:379][  0]Cmd: MAP LOAD FILE="E:/MY_PROJECTS/Games Education/Middle/HW_4/PZ4/PZ_4/Content/ThirdPersonBP/Maps/ThirdPersonExampleMap.umap" TEMPLATE=0 SHOWPROGRESS=1 FEATURELEVEL=3
[2022.01.30-19.17.37:379][  0]LightingResults: New page: Lighting Build
[2022.01.30-19.17.37:380][  0]LogWorld: UWorld::CleanupWorld for Untitled, bSessionEnded=true, bCleanupResources=true
[2022.01.30-19.17.37:380][  0]LogSlate: InvalidateAllWidgets triggered.  All widgets were invalidated
[2022.01.30-19.17.37:380][  0]MapCheck: New page: Map Check
[2022.01.30-19.17.37:380][  0]LightingResults: New page: Lighting Build
[2022.01.30-19.17.37:384][  0]LogAudio: Display: Audio Device unregistered from world 'None'.
[2022.01.30-19.17.37:386][  0]LogUObjectHash: Compacting FUObjectHashTables data took   0.66ms
[2022.01.30-19.17.37:575][  0]LogAudio: Display: Audio Device (ID: 1) registered with world 'ThirdPersonExampleMap'.
[2022.01.30-19.17.37:576][  0]LogAIModule: Creating AISystem for world ThirdPersonExampleMap
[2022.01.30-19.17.37:580][  0]LogEditorServer: Finished looking for orphan Actors (0.000 secs)
[2022.01.30-19.17.37:586][  0]LogUObjectHash: Compacting FUObjectHashTables data took   0.70ms
[2022.01.30-19.17.37:586][  0]Cmd: MAP CHECKDEP NOCLEARLOG
[2022.01.30-19.17.37:586][  0]MapCheck: Map check complete: 0 Error(s), 0 Warning(s), took 0,069ms to complete.
[2022.01.30-19.17.37:586][  0]LogFileHelpers: Loading map 'ThirdPersonExampleMap' took 0.207
[2022.01.30-19.17.37:588][  0]LogUnrealEdMisc: Total Editor Startup Time, took 4.892
[2022.01.30-19.17.37:714][  0]LogSlate: Updating window title bar state: overlay mode, drag disabled, window buttons hidden, title bar hidden
[2022.01.30-19.17.37:719][  0]LogSlate: Updating window title bar state: overlay mode, drag disabled, window buttons hidden, title bar hidden
[2022.01.30-19.17.37:723][  0]LogSlate: Updating window title bar state: overlay mode, drag disabled, window buttons hidden, title bar hidden
[2022.01.30-19.17.37:727][  0]LogSlate: Updating window title bar state: overlay mode, drag disabled, window buttons hidden, title bar hidden
[2022.01.30-19.17.37:753][  0]LogNativeClassHierarchy: Verbose: Native class hierarchy populated in 0.0074 seconds. Added 3822 classes and 928 folders.
[2022.01.30-19.17.37:754][  0]LogNativeClassHierarchy: Verbose: Native class hierarchy updated for 'WidgetCarousel' in 0.0002 seconds. Added 0 classes and 0 folders.
[2022.01.30-19.17.37:755][  0]LogPakFile: PakFile PrimaryIndexSize=187
[2022.01.30-19.17.37:755][  0]LogPakFile: PakFile PathHashIndexSize=101
[2022.01.30-19.17.37:755][  0]LogPakFile: PakFile FullDirectoryIndexSize=148
[2022.01.30-19.17.37:755][  0]LogShaderLibrary: Display: ShaderCodeLibraryPakFileMountedCallback: PakFile 'C:/Program Files/Epic Games/UE_4.27/FeaturePacks/FP_FirstPerson.upack' (chunk index -1, root 'root:/') mounted
[2022.01.30-19.17.37:755][  0]LogShaderLibrary: Display: ShaderCodeLibraryPakFileMountedCallback: pending pak file info (ChunkID:-1 Root:root:/ File:C:/Program Files/Epic Games/UE_4.27/FeaturePacks/FP_FirstPerson.upack)
[2022.01.30-19.17.37:755][  0]LogPakFile: OnPakFileMounted2Time == 0.000040
[2022.01.30-19.17.37:756][  0]LogPakFile: PakFile PrimaryIndexSize=189
[2022.01.30-19.17.37:756][  0]LogPakFile: PakFile PathHashIndexSize=101
[2022.01.30-19.17.37:756][  0]LogPakFile: PakFile FullDirectoryIndexSize=152
[2022.01.30-19.17.37:756][  0]LogShaderLibrary: Display: ShaderCodeLibraryPakFileMountedCallback: PakFile 'C:/Program Files/Epic Games/UE_4.27/FeaturePacks/FP_FirstPersonBP.upack' (chunk index -1, root 'root:/') mounted
[2022.01.30-19.17.37:756][  0]LogShaderLibrary: Display: ShaderCodeLibraryPakFileMountedCallback: pending pak file info (ChunkID:-1 Root:root:/ File:C:/Program Files/Epic Games/UE_4.27/FeaturePacks/FP_FirstPersonBP.upack)
[2022.01.30-19.17.37:756][  0]LogPakFile: OnPakFileMounted2Time == 0.000028
[2022.01.30-19.17.37:756][  0]LogPakFile: PakFile PrimaryIndexSize=191
[2022.01.30-19.17.37:756][  0]LogPakFile: PakFile PathHashIndexSize=101
[2022.01.30-19.17.37:756][  0]LogPakFile: PakFile FullDirectoryIndexSize=160
[2022.01.30-19.17.37:756][  0]LogShaderLibrary: Display: ShaderCodeLibraryPakFileMountedCallback: PakFile 'C:/Program Files/Epic Games/UE_4.27/FeaturePacks/MobileStarterContent.upack' (chunk index -1, root 'root:/') mounted
[2022.01.30-19.17.37:756][  0]LogShaderLibrary: Display: ShaderCodeLibraryPakFileMountedCallback: pending pak file info (ChunkID:-1 Root:root:/ File:C:/Program Files/Epic Games/UE_4.27/FeaturePacks/MobileStarterContent.upack)
[2022.01.30-19.17.37:756][  0]LogPakFile: OnPakFileMounted2Time == 0.000025
[2022.01.30-19.17.37:757][  0]LogPakFile: PakFile PrimaryIndexSize=185
[2022.01.30-19.17.37:757][  0]LogPakFile: PakFile PathHashIndexSize=101
[2022.01.30-19.17.37:757][  0]LogPakFile: PakFile FullDirectoryIndexSize=148
[2022.01.30-19.17.37:757][  0]LogShaderLibrary: Display: ShaderCodeLibraryPakFileMountedCallback: PakFile 'C:/Program Files/Epic Games/UE_4.27/FeaturePacks/StarterContent.upack' (chunk index -1, root 'root:/') mounted
[2022.01.30-19.17.37:757][  0]LogShaderLibrary: Display: ShaderCodeLibraryPakFileMountedCallback: pending pak file info (ChunkID:-1 Root:root:/ File:C:/Program Files/Epic Games/UE_4.27/FeaturePacks/StarterContent.upack)
[2022.01.30-19.17.37:757][  0]LogPakFile: OnPakFileMounted2Time == 0.000026
[2022.01.30-19.17.37:757][  0]LogPakFile: PakFile PrimaryIndexSize=190
[2022.01.30-19.17.37:757][  0]LogPakFile: PakFile PathHashIndexSize=101
[2022.01.30-19.17.37:757][  0]LogPakFile: PakFile FullDirectoryIndexSize=154
[2022.01.30-19.17.37:757][  0]LogShaderLibrary: Display: ShaderCodeLibraryPakFileMountedCallback: PakFile 'C:/Program Files/Epic Games/UE_4.27/FeaturePacks/TP_2DSideScroller.upack' (chunk index -1, root 'root:/') mounted
[2022.01.30-19.17.37:757][  0]LogShaderLibrary: Display: ShaderCodeLibraryPakFileMountedCallback: pending pak file info (ChunkID:-1 Root:root:/ File:C:/Program Files/Epic Games/UE_4.27/FeaturePacks/TP_2DSideScroller.upack)
[2022.01.30-19.17.37:757][  0]LogPakFile: OnPakFileMounted2Time == 0.000027
[2022.01.30-19.17.37:757][  0]LogPakFile: PakFile PrimaryIndexSize=192
[2022.01.30-19.17.37:757][  0]LogPakFile: PakFile PathHashIndexSize=101
[2022.01.30-19.17.37:757][  0]LogPakFile: PakFile FullDirectoryIndexSize=158
[2022.01.30-19.17.37:757][  0]LogShaderLibrary: Display: ShaderCodeLibraryPakFileMountedCallback: PakFile 'C:/Program Files/Epic Games/UE_4.27/FeaturePacks/TP_2DSideScrollerBP.upack' (chunk index -1, root 'root:/') mounted
[2022.01.30-19.17.37:757][  0]LogShaderLibrary: Display: ShaderCodeLibraryPakFileMountedCallback: pending pak file info (ChunkID:-1 Root:root:/ File:C:/Program Files/Epic Games/UE_4.27/FeaturePacks/TP_2DSideScrollerBP.upack)
[2022.01.30-19.17.37:757][  0]LogPakFile: OnPakFileMounted2Time == 0.000025
[2022.01.30-19.17.37:758][  0]LogPakFile: PakFile PrimaryIndexSize=182
[2022.01.30-19.17.37:758][  0]LogPakFile: PakFile PathHashIndexSize=101
[2022.01.30-19.17.37:758][  0]LogPakFile: PakFile FullDirectoryIndexSize=138
[2022.01.30-19.17.37:758][  0]LogShaderLibrary: Display: ShaderCodeLibraryPakFileMountedCallback: PakFile 'C:/Program Files/Epic Games/UE_4.27/FeaturePacks/TP_Flying.upack' (chunk index -1, root 'root:/') mounted
[2022.01.30-19.17.37:758][  0]LogShaderLibrary: Display: ShaderCodeLibraryPakFileMountedCallback: pending pak file info (ChunkID:-1 Root:root:/ File:C:/Program Files/Epic Games/UE_4.27/FeaturePacks/TP_Flying.upack)
[2022.01.30-19.17.37:758][  0]LogPakFile: OnPakFileMounted2Time == 0.000025
[2022.01.30-19.17.37:758][  0]LogPakFile: PakFile PrimaryIndexSize=184
[2022.01.30-19.17.37:758][  0]LogPakFile: PakFile PathHashIndexSize=101
[2022.01.30-19.17.37:758][  0]LogPakFile: PakFile FullDirectoryIndexSize=142
[2022.01.30-19.17.37:758][  0]LogShaderLibrary: Display: ShaderCodeLibraryPakFileMountedCallback: PakFile 'C:/Program Files/Epic Games/UE_4.27/FeaturePacks/TP_FlyingBP.upack' (chunk index -1, root 'root:/') mounted
[2022.01.30-19.17.37:758][  0]LogShaderLibrary: Display: ShaderCodeLibraryPakFileMountedCallback: pending pak file info (ChunkID:-1 Root:root:/ File:C:/Program Files/Epic Games/UE_4.27/FeaturePacks/TP_FlyingBP.upack)
[2022.01.30-19.17.37:758][  0]LogPakFile: OnPakFileMounted2Time == 0.000025
[2022.01.30-19.17.37:758][  0]LogPakFile: PakFile PrimaryIndexSize=188
[2022.01.30-19.17.37:758][  0]LogPakFile: PakFile PathHashIndexSize=101
[2022.01.30-19.17.37:758][  0]LogPakFile: PakFile FullDirectoryIndexSize=150
[2022.01.30-19.17.37:758][  0]LogShaderLibrary: Display: ShaderCodeLibraryPakFileMountedCallback: PakFile 'C:/Program Files/Epic Games/UE_4.27/FeaturePacks/TP_HandheldARBP.upack' (chunk index -1, root 'root:/') mounted
[2022.01.30-19.17.37:758][  0]LogShaderLibrary: Display: ShaderCodeLibraryPakFileMountedCallback: pending pak file info (ChunkID:-1 Root:root:/ File:C:/Program Files/Epic Games/UE_4.27/FeaturePacks/TP_HandheldARBP.upack)
[2022.01.30-19.17.37:758][  0]LogPakFile: OnPakFileMounted2Time == 0.000025
[2022.01.30-19.17.37:759][  0]LogPakFile: PakFile PrimaryIndexSize=182
[2022.01.30-19.17.37:759][  0]LogPakFile: PakFile PathHashIndexSize=101
[2022.01.30-19.17.37:759][  0]LogPakFile: PakFile FullDirectoryIndexSize=138
[2022.01.30-19.17.37:759][  0]LogShaderLibrary: Display: ShaderCodeLibraryPakFileMountedCallback: PakFile 'C:/Program Files/Epic Games/UE_4.27/FeaturePacks/TP_Puzzle.upack' (chunk index -1, root 'root:/') mounted
[2022.01.30-19.17.37:759][  0]LogShaderLibrary: Display: ShaderCodeLibraryPakFileMountedCallback: pending pak file info (ChunkID:-1 Root:root:/ File:C:/Program Files/Epic Games/UE_4.27/FeaturePacks/TP_Puzzle.upack)
[2022.01.30-19.17.37:759][  0]LogPakFile: OnPakFileMounted2Time == 0.000025
[2022.01.30-19.17.37:759][  0]LogPakFile: PakFile PrimaryIndexSize=184
[2022.01.30-19.17.37:759][  0]LogPakFile: PakFile PathHashIndexSize=101
[2022.01.30-19.17.37:759][  0]LogPakFile: PakFile FullDirectoryIndexSize=142
[2022.01.30-19.17.37:759][  0]LogShaderLibrary: Display: ShaderCodeLibraryPakFileMountedCallback: PakFile 'C:/Program Files/Epic Games/UE_4.27/FeaturePacks/TP_PuzzleBP.upack' (chunk index -1, root 'root:/') mounted
[2022.01.30-19.17.37:759][  0]LogShaderLibrary: Display: ShaderCodeLibraryPakFileMountedCallback: pending pak file info (ChunkID:-1 Root:root:/ File:C:/Program Files/Epic Games/UE_4.27/FeaturePacks/TP_PuzzleBP.upack)
[2022.01.30-19.17.37:759][  0]LogPakFile: OnPakFileMounted2Time == 0.000025
[2022.01.30-19.17.37:760][  0]LogPakFile: PakFile PrimaryIndexSize=183
[2022.01.30-19.17.37:760][  0]LogPakFile: PakFile PathHashIndexSize=101
[2022.01.30-19.17.37:760][  0]LogPakFile: PakFile FullDirectoryIndexSize=140
[2022.01.30-19.17.37:760][  0]LogShaderLibrary: Display: ShaderCodeLibraryPakFileMountedCallback: PakFile 'C:/Program Files/Epic Games/UE_4.27/FeaturePacks/TP_Rolling.upack' (chunk index -1, root 'root:/') mounted
[2022.01.30-19.17.37:760][  0]LogShaderLibrary: Display: ShaderCodeLibraryPakFileMountedCallback: pending pak file info (ChunkID:-1 Root:root:/ File:C:/Program Files/Epic Games/UE_4.27/FeaturePacks/TP_Rolling.upack)
[2022.01.30-19.17.37:760][  0]LogPakFile: OnPakFileMounted2Time == 0.000025
[2022.01.30-19.17.37:760][  0]LogPakFile: PakFile PrimaryIndexSize=185
[2022.01.30-19.17.37:760][  0]LogPakFile: PakFile PathHashIndexSize=101
[2022.01.30-19.17.37:760][  0]LogPakFile: PakFile FullDirectoryIndexSize=144
[2022.01.30-19.17.37:760][  0]LogShaderLibrary: Display: ShaderCodeLibraryPakFileMountedCallback: PakFile 'C:/Program Files/Epic Games/UE_4.27/FeaturePacks/TP_RollingBP.upack' (chunk index -1, root 'root:/') mounted
[2022.01.30-19.17.37:760][  0]LogShaderLibrary: Display: ShaderCodeLibraryPakFileMountedCallback: pending pak file info (ChunkID:-1 Root:root:/ File:C:/Program Files/Epic Games/UE_4.27/FeaturePacks/TP_RollingBP.upack)
[2022.01.30-19.17.37:760][  0]LogPakFile: OnPakFileMounted2Time == 0.000025
[2022.01.30-19.17.37:760][  0]LogPakFile: PakFile PrimaryIndexSize=188
[2022.01.30-19.17.37:760][  0]LogPakFile: PakFile PathHashIndexSize=101
[2022.01.30-19.17.37:760][  0]LogPakFile: PakFile FullDirectoryIndexSize=150
[2022.01.30-19.17.37:760][  0]LogShaderLibrary: Display: ShaderCodeLibraryPakFileMountedCallback: PakFile 'C:/Program Files/Epic Games/UE_4.27/FeaturePacks/TP_SideScroller.upack' (chunk index -1, root 'root:/') mounted
[2022.01.30-19.17.37:760][  0]LogShaderLibrary: Display: ShaderCodeLibraryPakFileMountedCallback: pending pak file info (ChunkID:-1 Root:root:/ File:C:/Program Files/Epic Games/UE_4.27/FeaturePacks/TP_SideScroller.upack)
[2022.01.30-19.17.37:761][  0]LogPakFile: OnPakFileMounted2Time == 0.000030
[2022.01.30-19.17.37:761][  0]LogPakFile: PakFile PrimaryIndexSize=190
[2022.01.30-19.17.37:761][  0]LogPakFile: PakFile PathHashIndexSize=101
[2022.01.30-19.17.37:761][  0]LogPakFile: PakFile FullDirectoryIndexSize=154
[2022.01.30-19.17.37:761][  0]LogShaderLibrary: Display: ShaderCodeLibraryPakFileMountedCallback: PakFile 'C:/Program Files/Epic Games/UE_4.27/FeaturePacks/TP_SideScrollerBP.upack' (chunk index -1, root 'root:/') mounted
[2022.01.30-19.17.37:761][  0]LogShaderLibrary: Display: ShaderCodeLibraryPakFileMountedCallback: pending pak file info (ChunkID:-1 Root:root:/ File:C:/Program Files/Epic Games/UE_4.27/FeaturePacks/TP_SideScrollerBP.upack)
[2022.01.30-19.17.37:761][  0]LogPakFile: OnPakFileMounted2Time == 0.000025
[2022.01.30-19.17.37:761][  0]LogPakFile: PakFile PrimaryIndexSize=187
[2022.01.30-19.17.37:761][  0]LogPakFile: PakFile PathHashIndexSize=101
[2022.01.30-19.17.37:761][  0]LogPakFile: PakFile FullDirectoryIndexSize=148
[2022.01.30-19.17.37:761][  0]LogShaderLibrary: Display: ShaderCodeLibraryPakFileMountedCallback: PakFile 'C:/Program Files/Epic Games/UE_4.27/FeaturePacks/TP_ThirdPerson.upack' (chunk index -1, root 'root:/') mounted
[2022.01.30-19.17.37:761][  0]LogShaderLibrary: Display: ShaderCodeLibraryPakFileMountedCallback: pending pak file info (ChunkID:-1 Root:root:/ File:C:/Program Files/Epic Games/UE_4.27/FeaturePacks/TP_ThirdPerson.upack)
[2022.01.30-19.17.37:761][  0]LogPakFile: OnPakFileMounted2Time == 0.000025
[2022.01.30-19.17.37:762][  0]LogPakFile: PakFile PrimaryIndexSize=189
[2022.01.30-19.17.37:762][  0]LogPakFile: PakFile PathHashIndexSize=101
[2022.01.30-19.17.37:762][  0]LogPakFile: PakFile FullDirectoryIndexSize=152
[2022.01.30-19.17.37:762][  0]LogShaderLibrary: Display: ShaderCodeLibraryPakFileMountedCallback: PakFile 'C:/Program Files/Epic Games/UE_4.27/FeaturePacks/TP_ThirdPersonBP.upack' (chunk index -1, root 'root:/') mounted
[2022.01.30-19.17.37:762][  0]LogShaderLibrary: Display: ShaderCodeLibraryPakFileMountedCallback: pending pak file info (ChunkID:-1 Root:root:/ File:C:/Program Files/Epic Games/UE_4.27/FeaturePacks/TP_ThirdPersonBP.upack)
[2022.01.30-19.17.37:762][  0]LogPakFile: OnPakFileMounted2Time == 0.000025
[2022.01.30-19.17.37:762][  0]LogPakFile: PakFile PrimaryIndexSize=183
[2022.01.30-19.17.37:762][  0]LogPakFile: PakFile PathHashIndexSize=101
[2022.01.30-19.17.37:762][  0]LogPakFile: PakFile FullDirectoryIndexSize=140
[2022.01.30-19.17.37:762][  0]LogShaderLibrary: Display: ShaderCodeLibraryPakFileMountedCallback: PakFile 'C:/Program Files/Epic Games/UE_4.27/FeaturePacks/TP_TopDown.upack' (chunk index -1, root 'root:/') mounted
[2022.01.30-19.17.37:762][  0]LogShaderLibrary: Display: ShaderCodeLibraryPakFileMountedCallback: pending pak file info (ChunkID:-1 Root:root:/ File:C:/Program Files/Epic Games/UE_4.27/FeaturePacks/TP_TopDown.upack)
[2022.01.30-19.17.37:762][  0]LogPakFile: OnPakFileMounted2Time == 0.000030
[2022.01.30-19.17.37:762][  0]LogPakFile: PakFile PrimaryIndexSize=185
[2022.01.30-19.17.37:762][  0]LogPakFile: PakFile PathHashIndexSize=101
[2022.01.30-19.17.37:762][  0]LogPakFile: PakFile FullDirectoryIndexSize=144
[2022.01.30-19.17.37:762][  0]LogShaderLibrary: Display: ShaderCodeLibraryPakFileMountedCallback: PakFile 'C:/Program Files/Epic Games/UE_4.27/FeaturePacks/TP_TopDownBP.upack' (chunk index -1, root 'root:/') mounted
[2022.01.30-19.17.37:762][  0]LogShaderLibrary: Display: ShaderCodeLibraryPakFileMountedCallback: pending pak file info (ChunkID:-1 Root:root:/ File:C:/Program Files/Epic Games/UE_4.27/FeaturePacks/TP_TopDownBP.upack)
[2022.01.30-19.17.37:762][  0]LogPakFile: OnPakFileMounted2Time == 0.000025
[2022.01.30-19.17.37:763][  0]LogPakFile: PakFile PrimaryIndexSize=185
[2022.01.30-19.17.37:763][  0]LogPakFile: PakFile PathHashIndexSize=101
[2022.01.30-19.17.37:763][  0]LogPakFile: PakFile FullDirectoryIndexSize=144
[2022.01.30-19.17.37:763][  0]LogShaderLibrary: Display: ShaderCodeLibraryPakFileMountedCallback: PakFile 'C:/Program Files/Epic Games/UE_4.27/FeaturePacks/TP_TwinStick.upack' (chunk index -1, root 'root:/') mounted
[2022.01.30-19.17.37:763][  0]LogShaderLibrary: Display: ShaderCodeLibraryPakFileMountedCallback: pending pak file info (ChunkID:-1 Root:root:/ File:C:/Program Files/Epic Games/UE_4.27/FeaturePacks/TP_TwinStick.upack)
[2022.01.30-19.17.37:763][  0]LogPakFile: OnPakFileMounted2Time == 0.000025
[2022.01.30-19.17.37:763][  0]LogPakFile: PakFile PrimaryIndexSize=187
[2022.01.30-19.17.37:763][  0]LogPakFile: PakFile PathHashIndexSize=101
[2022.01.30-19.17.37:763][  0]LogPakFile: PakFile FullDirectoryIndexSize=148
[2022.01.30-19.17.37:763][  0]LogShaderLibrary: Display: ShaderCodeLibraryPakFileMountedCallback: PakFile 'C:/Program Files/Epic Games/UE_4.27/FeaturePacks/TP_TwinStickBP.upack' (chunk index -1, root 'root:/') mounted
[2022.01.30-19.17.37:763][  0]LogShaderLibrary: Display: ShaderCodeLibraryPakFileMountedCallback: pending pak file info (ChunkID:-1 Root:root:/ File:C:/Program Files/Epic Games/UE_4.27/FeaturePacks/TP_TwinStickBP.upack)
[2022.01.30-19.17.37:763][  0]LogPakFile: OnPakFileMounted2Time == 0.000025
[2022.01.30-19.17.37:763][  0]LogPakFile: PakFile PrimaryIndexSize=183
[2022.01.30-19.17.37:763][  0]LogPakFile: PakFile PathHashIndexSize=101
[2022.01.30-19.17.37:763][  0]LogPakFile: PakFile FullDirectoryIndexSize=140
[2022.01.30-19.17.37:763][  0]LogShaderLibrary: Display: ShaderCodeLibraryPakFileMountedCallback: PakFile 'C:/Program Files/Epic Games/UE_4.27/FeaturePacks/TP_Vehicle.upack' (chunk index -1, root 'root:/') mounted
[2022.01.30-19.17.37:763][  0]LogShaderLibrary: Display: ShaderCodeLibraryPakFileMountedCallback: pending pak file info (ChunkID:-1 Root:root:/ File:C:/Program Files/Epic Games/UE_4.27/FeaturePacks/TP_Vehicle.upack)
[2022.01.30-19.17.37:763][  0]LogPakFile: OnPakFileMounted2Time == 0.000025
[2022.01.30-19.17.37:764][  0]LogPakFile: PakFile PrimaryIndexSize=186
[2022.01.30-19.17.37:764][  0]LogPakFile: PakFile PathHashIndexSize=101
[2022.01.30-19.17.37:764][  0]LogPakFile: PakFile FullDirectoryIndexSize=146
[2022.01.30-19.17.37:764][  0]LogShaderLibrary: Display: ShaderCodeLibraryPakFileMountedCallback: PakFile 'C:/Program Files/Epic Games/UE_4.27/FeaturePacks/TP_VehicleAdv.upack' (chunk index -1, root 'root:/') mounted
[2022.01.30-19.17.37:764][  0]LogShaderLibrary: Display: ShaderCodeLibraryPakFileMountedCallback: pending pak file info (ChunkID:-1 Root:root:/ File:C:/Program Files/Epic Games/UE_4.27/FeaturePacks/TP_VehicleAdv.upack)
[2022.01.30-19.17.37:764][  0]LogPakFile: OnPakFileMounted2Time == 0.000025
[2022.01.30-19.17.37:764][  0]LogPakFile: PakFile PrimaryIndexSize=188
[2022.01.30-19.17.37:764][  0]LogPakFile: PakFile PathHashIndexSize=101
[2022.01.30-19.17.37:764][  0]LogPakFile: PakFile FullDirectoryIndexSize=150
[2022.01.30-19.17.37:764][  0]LogShaderLibrary: Display: ShaderCodeLibraryPakFileMountedCallback: PakFile 'C:/Program Files/Epic Games/UE_4.27/FeaturePacks/TP_VehicleAdvBP.upack' (chunk index -1, root 'root:/') mounted
[2022.01.30-19.17.37:764][  0]LogShaderLibrary: Display: ShaderCodeLibraryPakFileMountedCallback: pending pak file info (ChunkID:-1 Root:root:/ File:C:/Program Files/Epic Games/UE_4.27/FeaturePacks/TP_VehicleAdvBP.upack)
[2022.01.30-19.17.37:764][  0]LogPakFile: OnPakFileMounted2Time == 0.000025
[2022.01.30-19.17.37:765][  0]LogPakFile: PakFile PrimaryIndexSize=185
[2022.01.30-19.17.37:765][  0]LogPakFile: PakFile PathHashIndexSize=101
[2022.01.30-19.17.37:765][  0]LogPakFile: PakFile FullDirectoryIndexSize=144
[2022.01.30-19.17.37:765][  0]LogShaderLibrary: Display: ShaderCodeLibraryPakFileMountedCallback: PakFile 'C:/Program Files/Epic Games/UE_4.27/FeaturePacks/TP_VehicleBP.upack' (chunk index -1, root 'root:/') mounted
[2022.01.30-19.17.37:765][  0]LogShaderLibrary: Display: ShaderCodeLibraryPakFileMountedCallback: pending pak file info (ChunkID:-1 Root:root:/ File:C:/Program Files/Epic Games/UE_4.27/FeaturePacks/TP_VehicleBP.upack)
[2022.01.30-19.17.37:765][  0]LogPakFile: OnPakFileMounted2Time == 0.000031
[2022.01.30-19.17.37:765][  0]LogPakFile: PakFile PrimaryIndexSize=192
[2022.01.30-19.17.37:765][  0]LogPakFile: PakFile PathHashIndexSize=101
[2022.01.30-19.17.37:765][  0]LogPakFile: PakFile FullDirectoryIndexSize=158
[2022.01.30-19.17.37:765][  0]LogShaderLibrary: Display: ShaderCodeLibraryPakFileMountedCallback: PakFile 'C:/Program Files/Epic Games/UE_4.27/FeaturePacks/TP_VirtualRealityBP.upack' (chunk index -1, root 'root:/') mounted
[2022.01.30-19.17.37:765][  0]LogShaderLibrary: Display: ShaderCodeLibraryPakFileMountedCallback: pending pak file info (ChunkID:-1 Root:root:/ File:C:/Program Files/Epic Games/UE_4.27/FeaturePacks/TP_VirtualRealityBP.upack)
[2022.01.30-19.17.37:765][  0]LogPakFile: OnPakFileMounted2Time == 0.000025
[2022.01.30-19.17.37:799][  0]LogNativeClassHierarchy: Verbose: Native class hierarchy updated for 'AddContentDialog' in 0.0002 seconds. Added 0 classes and 0 folders.
[2022.01.30-19.17.37:802][  0]LogNativeClassHierarchy: Verbose: Native class hierarchy updated for 'SceneOutliner' in 0.0002 seconds. Added 2 classes and 0 folders.
[2022.01.30-19.17.37:862][  0]LogNativeClassHierarchy: Verbose: Native class hierarchy updated for 'HierarchicalLODOutliner' in 0.0003 seconds. Added 0 classes and 0 folders.
[2022.01.30-19.17.37:862][  0]LogInput: Warning: Action Jump uses invalid key OculusGo_Left_Trigger_Click.
[2022.01.30-19.17.37:862][  0]LogInput: Warning: Action ResetVR uses invalid key OculusGo_Left_Trackpad_Click.
[2022.01.30-19.17.37:862][  0]LogInput: Warning: Use -RemoveInvalidKeys to remove instances of these keys from the action mapping.
[2022.01.30-19.17.37:862][  0]LogLoad: (Engine Initialization) Total time: 5.17 seconds
[2022.01.30-19.17.37:862][  0]LogLoad: (Engine Initialization) Total Blueprint compile time: 0.00 seconds
[2022.01.30-19.17.37:896][  0]LogAssetRegistry: Asset discovery search completed in 2.8765 seconds
[2022.01.30-19.17.37:900][  0]LogCollectionManager: Fixed up redirectors for 0 collections in 0.000002 seconds (updated 0 objects)
[2022.01.30-19.17.37:900][  0]LogContentStreaming: Texture pool size now 1000 MB
[2022.01.30-19.17.37:905][  0]LogSlate: Took 0.000074 seconds to synchronously load lazily loaded font '../../../Engine/Content/Slate/Fonts/Roboto-Regular.ttf' (155K)
[2022.01.30-19.17.37:906][  0]LogSlate: Took 0.000088 seconds to synchronously load lazily loaded font '../../../Engine/Content/Editor/Slate/Fonts/FontAwesome.ttf' (139K)
[2022.01.30-19.17.37:907][  0]LogSlate: Took 0.000069 seconds to synchronously load lazily loaded font '../../../Engine/Content/Slate/Fonts/Roboto-Bold.ttf' (160K)
[2022.01.30-19.17.37:975][  0]LogSlate: Took 0.000128 seconds to synchronously load lazily loaded font '../../../Engine/Content/Slate/Fonts/Roboto-Light.ttf' (167K)
[2022.01.30-19.17.37:993][  0]LogRenderer: Reallocating scene render targets to support 1404x672 Format 10 NumSamples 1 (Frame:1).
